[2023-11-03 22:05:18] [ INFO ] [PacienteDAOH2:153] iniciando las operaciones de : buscado por email jorgito@jorgito.com
[2023-11-03 22:05:18] [ ERROR] [PacienteDAOH2:170] org.h2.Driver
[2023-11-03 22:10:32] [ INFO ] [PacienteDAOH2:153] iniciando las operaciones de : buscado por email jorgito@jorgito.com
[2023-11-03 22:10:32] [ ERROR] [PacienteDAOH2:170] org.h2.Driver
[2023-11-03 22:11:17] [ INFO ] [PacienteDAOH2:153] iniciando las operaciones de : buscado por email jorgito@jorgito.com
[2023-11-03 22:11:17] [ ERROR] [PacienteDAOH2:170] org.h2.Driver
[2023-11-03 22:13:59] [ WARN ] [BD:31] org.h2.Driver
[2023-11-03 22:15:26] [ WARN ] [BD:31] Versión del archivo de base de datos no soportada ó encabezado de archivo invalido en archivo "C:/Users/DH/C21023ClinicaOdontologica.mv.db"
Unsupported database file version or invalid file header in file "C:/Users/DH/C21023ClinicaOdontologica.mv.db" [90048-224]
[2023-11-03 22:16:12] [ WARN ] [BD:31] La cantidad de columnas no coincide
Column count does not match; SQL statement:
INSERT INTO PACIENTES (NOMBRE, APELLIDO, CEDULA, FECHA_INGRESO, DOMICILIO_ID) VALUES('Jorgito','Pereyra','11111','2023-10-27','1','jorgito@jorgito.com'),('Paola','Viloria','22222','2023-10-15','2','paola@paola.com'),('Ignacio','Freilij','33333','2023-10-20','3'); INSERT INTO DOMICILIOS(CALLE, NUMERO, LOCALIDAD, PROVINCIA) VALUES('Siempre viva','742','Sprinfield','Usa'),('Av.Colon','1600','Cordoba','Cordoba'),('Av. 9 de Julio','1200','Caba','Bs As') [21002-214]
[2023-11-03 22:17:35] [ WARN ] [BD:31] La cantidad de columnas no coincide
Column count does not match; SQL statement:
INSERT INTO PACIENTES (NOMBRE, APELLIDO, CEDULA, FECHA_INGRESO, DOMICILIO_ID, EMAIL) VALUES('Jorgito','Pereyra','11111','2023-10-27','1','jorgito@jorgito.com'),('Paola','Viloria','22222','2023-10-15','2','paola@paola.com'),('Ignacio','Freilij','33333','2023-10-20','3'); INSERT INTO DOMICILIOS(CALLE, NUMERO, LOCALIDAD, PROVINCIA) VALUES('Siempre viva','742','Sprinfield','Usa'),('Av.Colon','1600','Cordoba','Cordoba'),('Av. 9 de Julio','1200','Caba','Bs As') [21002-214]
[2023-11-03 22:18:38] [ INFO ] [BD:28] datos cargados con exito
[2023-11-03 22:18:55] [ INFO ] [PacienteDAOH2:153] iniciando las operaciones de : buscado por email jorgito@jorgito.com
[2023-11-03 22:18:55] [ INFO ] [DomicilioDAOH2:42] iniciando las operaciones de buscar un domicilio con ID: 1
[2023-11-03 22:19:15] [ INFO ] [PacienteDAOH2:153] iniciando las operaciones de : buscado por email ignacio@gmail.com
[2023-11-03 22:19:15] [ INFO ] [DomicilioDAOH2:42] iniciando las operaciones de buscar un domicilio con ID: 3
[2023-11-06 11:13:40] [ INFO ] [BD:28] datos cargados con exito
[2023-11-06 15:38:30] [ INFO ] [BD:32] datos cargados con exito
[2023-11-06 15:45:45] [ INFO ] [BD:32] datos cargados con exito
[2023-11-06 16:51:41] [ WARN ] [BD:35] Error de Sintaxis en sentencia SQL "INSERT INTO PACIENTES (NOMBRE, APELLIDO, CEDULA, FECHA_INGRESO, DOMICILIO_ID) VALUES('Homero','Simpson','C4043243','1956-05-12','1', hombrex[*]@gmail.com),('Montgomery','Burns','00145','2023-10-15','2', mrburns@gmail.com),('Moe','Szyslac','34567','2023-10-20','3', alonemoe@gmail.com); INSERT INTO DOMICILIOS(CALLE, NUMERO, LOCALIDAD, PROVINCIA) VALUES('Siempre viva','742','Sprinfield','Usa'),('Rich Av.','$1000','Cordoba','Cordoba'),('Bar de Moe','s/n','Caba','Bs As')"; se esperaba "(, ., [, ::, AT, FORMAT, *, /, %, +, -, ||, NOT, IS, ILIKE, REGEXP, AND, OR, ,, )"
Syntax error in SQL statement "INSERT INTO PACIENTES (NOMBRE, APELLIDO, CEDULA, FECHA_INGRESO, DOMICILIO_ID) VALUES('Homero','Simpson','C4043243','1956-05-12','1', hombrex[*]@gmail.com),('Montgomery','Burns','00145','2023-10-15','2', mrburns@gmail.com),('Moe','Szyslac','34567','2023-10-20','3', alonemoe@gmail.com); INSERT INTO DOMICILIOS(CALLE, NUMERO, LOCALIDAD, PROVINCIA) VALUES('Siempre viva','742','Sprinfield','Usa'),('Rich Av.','$1000','Cordoba','Cordoba'),('Bar de Moe','s/n','Caba','Bs As')"; expected "(, ., [, ::, AT, FORMAT, *, /, %, +, -, ||, NOT, IS, ILIKE, REGEXP, AND, OR, ,, )"; SQL statement:
INSERT INTO PACIENTES (NOMBRE, APELLIDO, CEDULA, FECHA_INGRESO, DOMICILIO_ID) VALUES('Homero','Simpson','C4043243','1956-05-12','1', hombrex@gmail.com),('Montgomery','Burns','00145','2023-10-15','2', mrburns@gmail.com),('Moe','Szyslac','34567','2023-10-20','3', alonemoe@gmail.com); INSERT INTO DOMICILIOS(CALLE, NUMERO, LOCALIDAD, PROVINCIA) VALUES('Siempre viva','742','Sprinfield','Usa'),('Rich Av.','$1000','Cordoba','Cordoba'),('Bar de Moe','s/n','Caba','Bs As') [42001-214]
[2023-11-06 16:52:08] [ WARN ] [BD:35] Error de Sintaxis en sentencia SQL "INSERT INTO PACIENTES (NOMBRE, APELLIDO, CEDULA, FECHA_INGRESO, DOMICILIO_ID) VALUES('Homero','Simpson','C4043243','1956-05-12','1', hombrex[*]@gmail.com),('Montgomery','Burns','00145','2023-10-15','2', mrburns@gmail.com),('Moe','Szyslac','34567','2023-10-20','3', alonemoe@gmail.com); INSERT INTO DOMICILIOS(CALLE, NUMERO, LOCALIDAD, PROVINCIA) VALUES('Siempre viva','742','Sprinfield','Usa'),('Rich Av.','$1000','Cordoba','Cordoba'),('Bar de Moe','s/n','Caba','Bs As')"; se esperaba "(, ., [, ::, AT, FORMAT, *, /, %, +, -, ||, NOT, IS, ILIKE, REGEXP, AND, OR, ,, )"
Syntax error in SQL statement "INSERT INTO PACIENTES (NOMBRE, APELLIDO, CEDULA, FECHA_INGRESO, DOMICILIO_ID) VALUES('Homero','Simpson','C4043243','1956-05-12','1', hombrex[*]@gmail.com),('Montgomery','Burns','00145','2023-10-15','2', mrburns@gmail.com),('Moe','Szyslac','34567','2023-10-20','3', alonemoe@gmail.com); INSERT INTO DOMICILIOS(CALLE, NUMERO, LOCALIDAD, PROVINCIA) VALUES('Siempre viva','742','Sprinfield','Usa'),('Rich Av.','$1000','Cordoba','Cordoba'),('Bar de Moe','s/n','Caba','Bs As')"; expected "(, ., [, ::, AT, FORMAT, *, /, %, +, -, ||, NOT, IS, ILIKE, REGEXP, AND, OR, ,, )"; SQL statement:
INSERT INTO PACIENTES (NOMBRE, APELLIDO, CEDULA, FECHA_INGRESO, DOMICILIO_ID) VALUES('Homero','Simpson','C4043243','1956-05-12','1', hombrex@gmail.com),('Montgomery','Burns','00145','2023-10-15','2', mrburns@gmail.com),('Moe','Szyslac','34567','2023-10-20','3', alonemoe@gmail.com); INSERT INTO DOMICILIOS(CALLE, NUMERO, LOCALIDAD, PROVINCIA) VALUES('Siempre viva','742','Sprinfield','Usa'),('Rich Av.','$1000','Cordoba','Cordoba'),('Bar de Moe','s/n','Caba','Bs As') [42001-214]
[2023-11-06 16:54:23] [ WARN ] [BD:35] Error de Sintaxis en sentencia SQL "INSERT INTO PACIENTES (NOMBRE, APELLIDO, CEDULA, FECHA_INGRESO, DOMICILIO_ID) VALUES('Homero','Simpson','C4043243','1956-05-12','1', hombrex[*]@gmail.com),('Montgomery','Burns','00145','2023-10-15','2', mrburns@gmail.com),('Moe','Szyslac','34567','2023-10-20','3', alonemoe@gmail.com); INSERT INTO DOMICILIOS(CALLE, NUMERO, LOCALIDAD, PROVINCIA) VALUES('Siempre viva','742','Sprinfield','Usa'),('Rich Av.','$1000','Cordoba','Cordoba'),('Bar de Moe','s/n','Caba','Bs As')"; se esperaba "(, ., [, ::, AT, FORMAT, *, /, %, +, -, ||, NOT, IS, ILIKE, REGEXP, AND, OR, ,, )"
Syntax error in SQL statement "INSERT INTO PACIENTES (NOMBRE, APELLIDO, CEDULA, FECHA_INGRESO, DOMICILIO_ID) VALUES('Homero','Simpson','C4043243','1956-05-12','1', hombrex[*]@gmail.com),('Montgomery','Burns','00145','2023-10-15','2', mrburns@gmail.com),('Moe','Szyslac','34567','2023-10-20','3', alonemoe@gmail.com); INSERT INTO DOMICILIOS(CALLE, NUMERO, LOCALIDAD, PROVINCIA) VALUES('Siempre viva','742','Sprinfield','Usa'),('Rich Av.','$1000','Cordoba','Cordoba'),('Bar de Moe','s/n','Caba','Bs As')"; expected "(, ., [, ::, AT, FORMAT, *, /, %, +, -, ||, NOT, IS, ILIKE, REGEXP, AND, OR, ,, )"; SQL statement:
INSERT INTO PACIENTES (NOMBRE, APELLIDO, CEDULA, FECHA_INGRESO, DOMICILIO_ID) VALUES('Homero','Simpson','C4043243','1956-05-12','1', hombrex@gmail.com),('Montgomery','Burns','00145','2023-10-15','2', mrburns@gmail.com),('Moe','Szyslac','34567','2023-10-20','3', alonemoe@gmail.com); INSERT INTO DOMICILIOS(CALLE, NUMERO, LOCALIDAD, PROVINCIA) VALUES('Siempre viva','742','Sprinfield','Usa'),('Rich Av.','$1000','Cordoba','Cordoba'),('Bar de Moe','s/n','Caba','Bs As') [42001-214]
[2023-11-06 16:55:00] [ WARN ] [BD:35] Error de Sintaxis en sentencia SQL "INSERT INTO PACIENTES (NOMBRE, APELLIDO, CEDULA, FECHA_INGRESO, DOMICILIO_ID) VALUES('Homero','Simpson','C4043243','1956-05-12','1', hombrex[*]@gmail.com),('Montgomery','Burns','00145','2023-10-15','2', mrburns@gmail.com),('Moe','Szyslac','34567','2023-10-20','3', alonemoe@gmail.com); INSERT INTO DOMICILIOS(CALLE, NUMERO, LOCALIDAD, PROVINCIA) VALUES('Siempre viva','742','Sprinfield','Usa'),('Rich Av.','$1000','Cordoba','Cordoba'),('Bar de Moe','s/n','Caba','Bs As')"; se esperaba "(, ., [, ::, AT, FORMAT, *, /, %, +, -, ||, NOT, IS, ILIKE, REGEXP, AND, OR, ,, )"
Syntax error in SQL statement "INSERT INTO PACIENTES (NOMBRE, APELLIDO, CEDULA, FECHA_INGRESO, DOMICILIO_ID) VALUES('Homero','Simpson','C4043243','1956-05-12','1', hombrex[*]@gmail.com),('Montgomery','Burns','00145','2023-10-15','2', mrburns@gmail.com),('Moe','Szyslac','34567','2023-10-20','3', alonemoe@gmail.com); INSERT INTO DOMICILIOS(CALLE, NUMERO, LOCALIDAD, PROVINCIA) VALUES('Siempre viva','742','Sprinfield','Usa'),('Rich Av.','$1000','Cordoba','Cordoba'),('Bar de Moe','s/n','Caba','Bs As')"; expected "(, ., [, ::, AT, FORMAT, *, /, %, +, -, ||, NOT, IS, ILIKE, REGEXP, AND, OR, ,, )"; SQL statement:
INSERT INTO PACIENTES (NOMBRE, APELLIDO, CEDULA, FECHA_INGRESO, DOMICILIO_ID) VALUES('Homero','Simpson','C4043243','1956-05-12','1', hombrex@gmail.com),('Montgomery','Burns','00145','2023-10-15','2', mrburns@gmail.com),('Moe','Szyslac','34567','2023-10-20','3', alonemoe@gmail.com); INSERT INTO DOMICILIOS(CALLE, NUMERO, LOCALIDAD, PROVINCIA) VALUES('Siempre viva','742','Sprinfield','Usa'),('Rich Av.','$1000','Cordoba','Cordoba'),('Bar de Moe','s/n','Caba','Bs As') [42001-214]
[2023-11-06 16:55:00] [ INFO ] [OdontologoDAOH2:14] guardando nuevo odontologo
[2023-11-06 16:55:00] [ INFO ] [OdontologoDAOH2:27]  odontologo guardado correctamente
[2023-11-06 16:55:00] [ INFO ] [OdontologoDAOH2:81] Se han obtenido todos los odontólogos de manera exitosa
[2023-11-06 16:57:44] [ WARN ] [BD:35] La cantidad de columnas no coincide
Column count does not match; SQL statement:
INSERT INTO PACIENTES (NOMBRE, APELLIDO, CEDULA, FECHA_INGRESO, DOMICILIO_ID) VALUES('Homero','Simpson','C4043243','1956-05-12','1', 'hombrex@gmail.com'),('Montgomery','Burns','00145','2023-10-15','2', 'mrburns@gmail.com'),('Moe','Szyslac','34567','2023-10-20','3', 'alonemoe@gmail.com'); INSERT INTO DOMICILIOS(CALLE, NUMERO, LOCALIDAD, PROVINCIA) VALUES('Siempre viva','742','Sprinfield','Usa'),('Rich Av.','$1000','Cordoba','Cordoba'),('Bar de Moe','s/n','Caba','Bs As') [21002-214]
[2023-11-06 16:57:44] [ INFO ] [OdontologoDAOH2:14] guardando nuevo odontologo
[2023-11-06 16:57:44] [ INFO ] [OdontologoDAOH2:27]  odontologo guardado correctamente
[2023-11-06 16:57:44] [ INFO ] [OdontologoDAOH2:81] Se han obtenido todos los odontólogos de manera exitosa
[2023-11-06 16:57:49] [ WARN ] [BD:35] La cantidad de columnas no coincide
Column count does not match; SQL statement:
INSERT INTO PACIENTES (NOMBRE, APELLIDO, CEDULA, FECHA_INGRESO, DOMICILIO_ID) VALUES('Homero','Simpson','C4043243','1956-05-12','1', 'hombrex@gmail.com'),('Montgomery','Burns','00145','2023-10-15','2', 'mrburns@gmail.com'),('Moe','Szyslac','34567','2023-10-20','3', 'alonemoe@gmail.com'); INSERT INTO DOMICILIOS(CALLE, NUMERO, LOCALIDAD, PROVINCIA) VALUES('Siempre viva','742','Sprinfield','Usa'),('Rich Av.','$1000','Cordoba','Cordoba'),('Bar de Moe','s/n','Caba','Bs As') [21002-214]
[2023-11-06 16:57:49] [ INFO ] [OdontologoDAOH2:14] guardando nuevo odontologo
[2023-11-06 16:57:49] [ INFO ] [OdontologoDAOH2:27]  odontologo guardado correctamente
[2023-11-06 16:57:49] [ INFO ] [OdontologoDAOH2:81] Se han obtenido todos los odontólogos de manera exitosa
[2023-11-06 16:59:52] [ WARN ] [BD:40] Conversión de datos fallida, convirtiendo "'$1000' (DOMICILIOS: ""NUMERO"" INTEGER NOT NULL)"
Data conversion error converting "'$1000' (DOMICILIOS: ""NUMERO"" INTEGER NOT NULL)"; SQL statement:
INSERT INTO PACIENTES (NOMBRE, APELLIDO, CEDULA, FECHA_INGRESO, DOMICILIO_ID, EMAIL) VALUES ('Homero', 'Simpson', 'C4043243', '1956-05-12', 1, 'hombrex@gmail.com'), ('Montgomery', 'Burns', '00145', '2023-10-15', 2, 'mrburns@gmail.com'), ('Moe', 'Szyslac', '34567', '2023-10-20', 3, 'alonemoe@gmail.com') [22018-214]
[2023-11-06 16:59:52] [ INFO ] [OdontologoDAOH2:14] guardando nuevo odontologo
[2023-11-06 16:59:52] [ INFO ] [OdontologoDAOH2:27]  odontologo guardado correctamente
[2023-11-06 16:59:52] [ INFO ] [OdontologoDAOH2:81] Se han obtenido todos los odontólogos de manera exitosa
[2023-11-06 17:00:35] [ INFO ] [BD:37] datos cargados con exito
[2023-11-06 17:00:35] [ INFO ] [OdontologoDAOH2:14] guardando nuevo odontologo
[2023-11-06 17:00:35] [ INFO ] [OdontologoDAOH2:27]  odontologo guardado correctamente
[2023-11-06 17:00:35] [ INFO ] [OdontologoDAOH2:81] Se han obtenido todos los odontólogos de manera exitosa
[2023-11-06 17:01:52] [ INFO ] [BD:37] datos cargados con exito
[2023-11-06 19:19:21] [ INFO ] [BD:37] datos cargados con exito
[2023-11-06 19:37:59] [ INFO ] [BD:37] datos cargados con exito
[2023-11-06 19:45:45] [ INFO ] [BD:37] datos cargados con exito
[2023-11-06 19:50:57] [ INFO ] [PacienteDAOH2:153] iniciando las operaciones de : buscado por email homer@gmail.com
[2023-11-06 19:51:51] [ INFO ] [PacienteDAOH2:153] iniciando las operaciones de : buscado por email hombrex@gmail.com
[2023-11-06 21:18:05] [ INFO ] [BD:37] datos cargados con exito
[2023-11-06 21:23:15] [ INFO ] [BD:37] datos cargados con exito
[2023-11-06 21:23:15] [ INFO ] [OdontologoDAOH2:13] guardando nuevo odontologo
[2023-11-06 21:23:15] [ INFO ] [OdontologoDAOH2:26]  odontologo guardado correctamente
[2023-11-06 21:23:15] [ INFO ] [OdontologoDAOH2:80] Se han obtenido todos los odontólogos de manera exitosa
[2023-11-06 21:25:00] [ INFO ] [BD:37] datos cargados con exito
[2023-11-06 21:28:45] [ INFO ] [BD:37] datos cargados con exito
[2023-11-06 21:29:45] [ INFO ] [PacienteDAOH2:153] iniciando las operaciones de : buscado por email hombrex@gmail.com
[2023-11-06 21:30:21] [ INFO ] [PacienteDAOH2:153] iniciando las operaciones de : buscado por email alonemoe@gmail.com
[2023-11-06 21:33:48] [ INFO ] [BD:37] datos cargados con exito
[2023-11-07 15:45:02] [ INFO ] [BD:37] datos cargados con exito
[2023-11-07 16:50:13] [ INFO ] [BD:37] datos cargados con exito
[2023-11-07 16:50:29] [ INFO ] [BD:37] datos cargados con exito
[2023-11-07 17:04:39] [ INFO ] [BD:37] datos cargados con exito
[2023-11-07 21:20:51] [ INFO ] [BD:37] datos cargados con exito
[2023-11-08 12:25:37] [ INFO ] [BD:37] datos cargados con exito
[2023-11-08 13:07:42] [ INFO ] [BD:37] datos cargados con exito
[2023-11-08 13:21:34] [ INFO ] [BD:37] datos cargados con exito
[2023-11-08 13:22:53] [ INFO ] [BD:37] datos cargados con exito
[2023-11-08 15:08:41] [ INFO ] [BD:37] datos cargados con exito
[2023-11-08 15:09:26] [ INFO ] [BD:37] datos cargados con exito
[2023-11-08 15:10:02] [ INFO ] [BD:37] datos cargados con exito
[2023-11-08 15:12:28] [ INFO ] [BD:37] datos cargados con exito
[2023-11-08 15:13:08] [ INFO ] [BD:37] datos cargados con exito
[2023-11-08 15:15:23] [ INFO ] [BD:37] datos cargados con exito
[2023-11-08 15:17:06] [ INFO ] [BD:37] datos cargados con exito
[2023-11-08 15:18:34] [ INFO ] [BD:37] datos cargados con exito
[2023-11-08 15:19:57] [ INFO ] [BD:37] datos cargados con exito
[2023-11-08 15:20:12] [ INFO ] [BD:37] datos cargados con exito
[2023-11-08 15:21:39] [ INFO ] [BD:37] datos cargados con exito
[2023-11-08 15:22:14] [ INFO ] [BD:37] datos cargados con exito
[2023-11-08 15:22:45] [ INFO ] [BD:37] datos cargados con exito
[2023-11-08 15:23:26] [ INFO ] [BD:37] datos cargados con exito
[2023-11-08 15:25:19] [ INFO ] [BD:37] datos cargados con exito
[2023-11-08 15:28:34] [ INFO ] [BD:37] datos cargados con exito
[2023-11-08 15:30:18] [ INFO ] [BD:37] datos cargados con exito
[2023-11-08 15:31:44] [ INFO ] [BD:37] datos cargados con exito
[2023-11-08 15:34:04] [ INFO ] [BD:37] datos cargados con exito
[2023-11-08 15:34:59] [ INFO ] [BD:37] datos cargados con exito
[2023-11-08 15:37:55] [ INFO ] [BD:37] datos cargados con exito
[2023-11-08 15:39:17] [ INFO ] [BD:37] datos cargados con exito
[2023-11-08 15:40:27] [ INFO ] [BD:37] datos cargados con exito
[2023-11-08 15:41:45] [ INFO ] [BD:37] datos cargados con exito
[2023-11-08 15:44:23] [ INFO ] [BD:37] datos cargados con exito
[2023-11-08 15:45:09] [ INFO ] [BD:37] datos cargados con exito
[2023-11-08 16:08:59] [ INFO ] [BD:37] datos cargados con exito
[2023-11-08 16:10:17] [ INFO ] [BD:37] datos cargados con exito
[2023-11-08 16:11:32] [ INFO ] [BD:37] datos cargados con exito
[2023-11-08 16:12:31] [ INFO ] [BD:37] datos cargados con exito
[2023-11-08 16:13:41] [ INFO ] [BD:37] datos cargados con exito
[2023-11-08 16:15:03] [ INFO ] [BD:37] datos cargados con exito
[2023-11-08 16:16:26] [ INFO ] [BD:37] datos cargados con exito
[2023-11-08 16:17:10] [ INFO ] [BD:37] datos cargados con exito
[2023-11-08 16:19:39] [ INFO ] [PacienteDAOH2:52] Buscando paciente con ID:1
[2023-11-08 16:21:11] [ INFO ] [BD:37] datos cargados con exito
[2023-11-08 16:21:38] [ INFO ] [PacienteDAOH2:121] Listando todos los pacientes
[2023-11-08 16:28:06] [ INFO ] [BD:37] datos cargados con exito
[2023-11-08 16:30:38] [ INFO ] [BD:37] datos cargados con exito
[2023-11-08 16:31:14] [ INFO ] [PacienteDAOH2:52] Buscando paciente con ID:1
[2023-11-08 16:31:31] [ INFO ] [PacienteDAOH2:52] Buscando paciente con ID:2
[2023-11-08 16:31:41] [ INFO ] [PacienteDAOH2:121] Listando todos los pacientes
[2023-11-08 16:33:03] [ INFO ] [PacienteDAOH2:150] Buscando paciente por EMail: hombrex@gmail.com
[2023-11-08 16:38:11] [ INFO ] [BD:37] datos cargados con exito
[2023-11-08 17:41:49] [ INFO ] [BD:37] datos cargados con exito
[2023-11-08 17:48:33] [ INFO ] [BD:37] datos cargados con exito
[2023-11-08 17:50:10] [ INFO ] [BD:37] datos cargados con exito
[2023-11-08 17:51:34] [ INFO ] [PacienteDAOH2:150] Buscando paciente por EMail: hombrex@gmail.com
[2023-11-08 18:08:45] [ INFO ] [PacienteDAOH2:52] Buscando paciente con ID:1
[2023-11-08 18:09:05] [ INFO ] [PacienteDAOH2:52] Buscando paciente con ID:2
[2023-11-08 18:09:11] [ INFO ] [PacienteDAOH2:52] Buscando paciente con ID:3
[2023-11-08 18:09:22] [ INFO ] [PacienteDAOH2:52] Buscando paciente con ID:4
[2023-11-08 18:09:27] [ INFO ] [PacienteDAOH2:52] Buscando paciente con ID:1
[2023-11-08 20:42:23] [ INFO ] [BD:37] datos cargados con exito
[2023-11-08 20:42:30] [ INFO ] [PacienteDAOH2:52] Buscando paciente con ID:1
[2023-11-08 20:42:30] [ INFO ] [DomicilioDAOH2:40] iniciando las operaciones de buscar un domicilio con ID: 1
[2023-11-08 20:44:24] [ INFO ] [PacienteDAOH2:52] Buscando paciente con ID:2
[2023-11-08 20:44:24] [ INFO ] [DomicilioDAOH2:40] iniciando las operaciones de buscar un domicilio con ID: 2
[2023-11-08 20:44:30] [ INFO ] [PacienteDAOH2:52] Buscando paciente con ID:3
[2023-11-08 20:44:30] [ INFO ] [DomicilioDAOH2:40] iniciando las operaciones de buscar un domicilio con ID: 3
[2023-11-08 20:48:54] [ INFO ] [PacienteDAOH2:52] Buscando paciente con ID:1
[2023-11-08 20:48:54] [ INFO ] [DomicilioDAOH2:40] iniciando las operaciones de buscar un domicilio con ID: 1
[2023-11-08 20:49:10] [ INFO ] [PacienteDAOH2:52] Buscando paciente con ID:3
[2023-11-08 20:49:10] [ INFO ] [DomicilioDAOH2:40] iniciando las operaciones de buscar un domicilio con ID: 3
[2023-11-08 20:49:19] [ INFO ] [BD:37] datos cargados con exito
[2023-11-08 21:04:47] [ INFO ] [PacienteDAOH2:52] Buscando paciente con ID:2
[2023-11-08 21:04:47] [ INFO ] [DomicilioDAOH2:40] iniciando las operaciones de buscar un domicilio con ID: 2
[2023-11-08 21:20:00] [ INFO ] [BD:37] datos cargados con exito
[2023-11-08 21:46:49] [ INFO ] [BD:37] datos cargados con exito
[2023-11-09 14:24:08] [ INFO ] [BD:37] datos cargados con exito
[2023-11-09 14:24:46] [ INFO ] [PacienteDAOH2:55] Buscando paciente con ID:1
[2023-11-09 14:24:46] [ INFO ] [DomicilioDAOH2:44] Buscando domicilio por ID: 1
[2023-11-09 14:24:52] [ INFO ] [PacienteDAOH2:21] guardando paciente
[2023-11-09 14:24:52] [ ERROR] [DomicilioDAOH2:31] Cannot invoke "com.proyecto.clinicaodontologica.entity.Domicilio.getCalle()" because "domicilio" is null
[2023-11-09 14:24:52] [ ERROR] [PacienteDAOH2:42] Cannot invoke "java.time.LocalDate.getYear()" because "date" is null
[2023-11-09 14:25:30] [ INFO ] [PacienteDAOH2:55] Buscando paciente con ID:1
[2023-11-09 14:25:30] [ INFO ] [DomicilioDAOH2:44] Buscando domicilio por ID: 1
[2023-11-09 14:25:34] [ INFO ] [PacienteDAOH2:55] Buscando paciente con ID:4
[2023-11-09 14:25:46] [ INFO ] [PacienteDAOH2:55] Buscando paciente con ID:3
[2023-11-09 14:25:46] [ INFO ] [DomicilioDAOH2:44] Buscando domicilio por ID: 3
[2023-11-09 14:25:52] [ INFO ] [PacienteDAOH2:55] Buscando paciente con ID:6
[2023-11-09 14:31:09] [ INFO ] [PacienteDAOH2:21] guardando paciente
[2023-11-09 14:31:09] [ ERROR] [DomicilioDAOH2:31] Cannot invoke "com.proyecto.clinicaodontologica.entity.Domicilio.getCalle()" because "domicilio" is null
[2023-11-09 14:31:09] [ ERROR] [PacienteDAOH2:42] Cannot invoke "java.time.LocalDate.getYear()" because "date" is null
[2023-11-09 14:31:27] [ INFO ] [PacienteDAOH2:21] guardando paciente
[2023-11-09 14:31:27] [ ERROR] [DomicilioDAOH2:31] Cannot invoke "com.proyecto.clinicaodontologica.entity.Domicilio.getCalle()" because "domicilio" is null
[2023-11-09 14:31:27] [ ERROR] [PacienteDAOH2:42] Cannot invoke "java.time.LocalDate.getYear()" because "date" is null
[2023-11-09 14:33:19] [ INFO ] [PacienteDAOH2:21] guardando paciente
[2023-11-09 14:33:19] [ ERROR] [DomicilioDAOH2:31] Cannot invoke "com.proyecto.clinicaodontologica.entity.Domicilio.getCalle()" because "domicilio" is null
[2023-11-09 14:33:19] [ ERROR] [PacienteDAOH2:42] Cannot invoke "java.time.LocalDate.getYear()" because "date" is null
[2023-11-09 14:35:40] [ INFO ] [PacienteDAOH2:21] guardando paciente
[2023-11-09 14:35:40] [ ERROR] [DomicilioDAOH2:31] Cannot invoke "com.proyecto.clinicaodontologica.entity.Domicilio.getCalle()" because "domicilio" is null
[2023-11-09 14:35:40] [ ERROR] [PacienteDAOH2:42] Cannot invoke "java.time.LocalDate.getYear()" because "date" is null
[2023-11-09 14:47:46] [ INFO ] [BD:37] datos cargados con exito
[2023-11-09 14:47:55] [ INFO ] [PacienteDAOH2:21] guardando paciente
[2023-11-09 14:47:55] [ ERROR] [PacienteDAOH2:42] Cannot invoke "java.time.LocalDate.getYear()" because "date" is null
[2023-11-09 14:56:16] [ INFO ] [BD:37] datos cargados con exito
[2023-11-09 14:56:44] [ INFO ] [PacienteDAOH2:57] Buscando paciente con ID:1
[2023-11-09 14:56:44] [ INFO ] [DomicilioDAOH2:44] Buscando domicilio por ID: 1
[2023-11-09 14:56:49] [ INFO ] [PacienteDAOH2:57] Buscando paciente con ID:4
[2023-11-09 14:56:55] [ INFO ] [PacienteDAOH2:57] Buscando paciente con ID:2
[2023-11-09 14:56:55] [ INFO ] [DomicilioDAOH2:44] Buscando domicilio por ID: 2
[2023-11-09 14:57:05] [ INFO ] [PacienteDAOH2:21] guardando paciente
[2023-11-09 14:57:05] [ ERROR] [PacienteDAOH2:43] Cannot invoke "java.time.LocalDate.getYear()" because "date" is null
[2023-11-09 14:59:58] [ INFO ] [PacienteDAOH2:21] guardando paciente
[2023-11-09 14:59:58] [ ERROR] [PacienteDAOH2:43] Cannot invoke "java.time.LocalDate.getYear()" because "date" is null
[2023-11-09 15:06:49] [ INFO ] [BD:37] datos cargados con exito
[2023-11-09 15:07:31] [ INFO ] [PacienteDAOH2:21] guardando paciente
[2023-11-09 15:07:31] [ ERROR] [PacienteDAOH2:43] Cannot invoke "java.time.LocalDate.getYear()" because "date" is null
[2023-11-09 15:10:16] [ INFO ] [BD:37] datos cargados con exito
[2023-11-09 15:10:25] [ INFO ] [PacienteDAOH2:21] guardando paciente
[2023-11-09 15:10:25] [ ERROR] [PacienteDAOH2:44] Cannot invoke "java.time.LocalDate.getYear()" because "date" is null
[2023-11-09 15:19:36] [ INFO ] [BD:37] datos cargados con exito
[2023-11-09 15:19:44] [ INFO ] [PacienteDAOH2:57] Buscando paciente con ID:3
[2023-11-09 15:19:44] [ INFO ] [DomicilioDAOH2:44] Buscando domicilio por ID: 3
[2023-11-09 15:19:50] [ INFO ] [PacienteDAOH2:21] Guardando nuevo paciente
[2023-11-09 15:19:50] [ ERROR] [PacienteDAOH2:43] Cannot invoke "java.time.LocalDate.getYear()" because "date" is null
[2023-11-09 15:21:44] [ INFO ] [PacienteDAOH2:21] Guardando nuevo paciente
[2023-11-09 15:21:44] [ INFO ] [PacienteDAOH2:39]  paciente guardado
[2023-11-09 15:33:02] [ INFO ] [PacienteDAOH2:57] Buscando paciente con ID:1
[2023-11-09 15:33:02] [ INFO ] [DomicilioDAOH2:44] Buscando domicilio por ID: 1
[2023-11-09 15:33:02] [ INFO ] [PacienteDAOH2:88] Eliminando paciente con ID1
[2023-11-09 15:33:02] [ ERROR] [PacienteDAOH2:102] Error de Sintaxis en sentencia SQL "DELETE [*]* FROM PACIENTES WHERE ID=?"; se esperaba "identifier"
Syntax error in SQL statement "DELETE [*]* FROM PACIENTES WHERE ID=?"; expected "identifier"; SQL statement:
DELETE * FROM PACIENTES WHERE ID=? [42001-214]
[2023-11-09 15:33:31] [ INFO ] [PacienteDAOH2:57] Buscando paciente con ID:2
[2023-11-09 15:33:31] [ INFO ] [DomicilioDAOH2:44] Buscando domicilio por ID: 2
[2023-11-09 15:33:35] [ INFO ] [PacienteDAOH2:57] Buscando paciente con ID:1
[2023-11-09 15:33:35] [ INFO ] [DomicilioDAOH2:44] Buscando domicilio por ID: 1
[2023-11-09 15:47:46] [ INFO ] [BD:37] datos cargados con exito
[2023-11-09 15:48:02] [ INFO ] [PacienteDAOH2:57] Buscando paciente con ID:1
[2023-11-09 15:48:03] [ INFO ] [DomicilioDAOH2:44] Buscando domicilio por ID: 1
[2023-11-09 15:48:03] [ INFO ] [PacienteDAOH2:88] Eliminando paciente con ID1
[2023-11-09 15:48:03] [ INFO ] [DomicilioDAOH2:70] Eliminando domicilio por ID: 1
[2023-11-09 15:48:03] [ ERROR] [DomicilioDAOH2:80] Error de Sintaxis en sentencia SQL "DELETE [*]* FROM DOMICILIOS WHERE ID=?"; se esperaba "identifier"
Syntax error in SQL statement "DELETE [*]* FROM DOMICILIOS WHERE ID=?"; expected "identifier"; SQL statement:
DELETE * FROM DOMICILIOS WHERE ID=? [42001-214]
[2023-11-09 15:48:07] [ INFO ] [PacienteDAOH2:57] Buscando paciente con ID:1
[2023-11-09 15:49:58] [ INFO ] [BD:37] datos cargados con exito
[2023-11-09 15:52:21] [ INFO ] [PacienteDAOH2:57] Buscando paciente con ID:1
[2023-11-09 15:52:22] [ INFO ] [DomicilioDAOH2:44] Buscando domicilio por ID: 1
[2023-11-09 15:52:28] [ INFO ] [PacienteDAOH2:57] Buscando paciente con ID:1
[2023-11-09 15:52:28] [ INFO ] [DomicilioDAOH2:44] Buscando domicilio por ID: 1
[2023-11-09 15:52:28] [ INFO ] [PacienteDAOH2:88] Eliminando paciente con ID1
[2023-11-09 15:52:28] [ INFO ] [DomicilioDAOH2:70] Eliminando domicilio por ID: 1
[2023-11-09 15:52:28] [ ERROR] [DomicilioDAOH2:80] Metodo permitido unicamente en un query. Use execute ó executeUpdate en lugar de executeQuery
Method is only allowed for a query. Use execute or executeUpdate instead of executeQuery; SQL statement:
DELETE FROM DOMICILIOS WHERE ID=? [90002-214]
[2023-11-09 15:52:32] [ INFO ] [PacienteDAOH2:57] Buscando paciente con ID:1
[2023-11-09 15:57:22] [ INFO ] [BD:37] datos cargados con exito
[2023-11-09 16:02:33] [ INFO ] [PacienteDAOH2:57] Buscando paciente con ID:1
[2023-11-09 16:02:33] [ INFO ] [DomicilioDAOH2:44] Buscando domicilio por ID: 1
[2023-11-09 16:21:01] [ WARN ] [BD:40] La base de datos puede que ya esté siendo utilizada: "C:/Users/Rofaba_FTW/OdontoDataBase.mv.db". Soluciones Posibles: cierre todas las otras conexiones; use el modo server
Database may be already in use: "C:/Users/Rofaba_FTW/OdontoDataBase.mv.db". Possible solutions: close all other connection(s); use the server mode [90020-214]
[2023-11-09 16:22:19] [ INFO ] [BD:37] datos cargados con exito
[2023-11-09 16:22:42] [ INFO ] [PacienteDAOH2:57] Buscando paciente con ID:1
[2023-11-09 16:22:42] [ ERROR] [PacienteDAOH2:73] La base de datos puede que ya esté siendo utilizada: "C:/Users/Rofaba_FTW/OdontoDataBase.mv.db". Soluciones Posibles: cierre todas las otras conexiones; use el modo server
Database may be already in use: "C:/Users/Rofaba_FTW/OdontoDataBase.mv.db". Possible solutions: close all other connection(s); use the server mode [90020-214]
[2023-11-09 16:22:53] [ INFO ] [PacienteDAOH2:57] Buscando paciente con ID:1
[2023-11-09 16:22:53] [ INFO ] [DomicilioDAOH2:44] Buscando domicilio por ID: 1
[2023-11-09 16:23:01] [ INFO ] [PacienteDAOH2:21] Guardando nuevo paciente
[2023-11-09 16:23:01] [ INFO ] [PacienteDAOH2:39]  paciente guardado
[2023-11-09 16:23:11] [ INFO ] [PacienteDAOH2:57] Buscando paciente con ID:4
[2023-11-09 16:23:11] [ INFO ] [DomicilioDAOH2:44] Buscando domicilio por ID: 4
[2023-11-09 16:23:19] [ INFO ] [PacienteDAOH2:57] Buscando paciente con ID:3
[2023-11-09 16:23:19] [ INFO ] [DomicilioDAOH2:44] Buscando domicilio por ID: 3
[2023-11-09 16:23:19] [ INFO ] [PacienteDAOH2:88] Eliminando paciente con ID3
[2023-11-09 16:23:19] [ INFO ] [PacienteDAOH2:57] Buscando paciente con ID:3
[2023-11-09 16:23:19] [ INFO ] [DomicilioDAOH2:44] Buscando domicilio por ID: 3
[2023-11-09 16:23:19] [ INFO ] [DomicilioDAOH2:70] Eliminando domicilio por ID: 3
[2023-11-09 16:23:19] [ ERROR] [DomicilioDAOH2:80] Metodo permitido unicamente en un query. Use execute ó executeUpdate en lugar de executeQuery
Method is only allowed for a query. Use execute or executeUpdate instead of executeQuery; SQL statement:
DELETE FROM DOMICILIOS WHERE ID=? [90002-214]
[2023-11-09 16:23:33] [ INFO ] [PacienteDAOH2:57] Buscando paciente con ID:2
[2023-11-09 16:23:33] [ INFO ] [DomicilioDAOH2:44] Buscando domicilio por ID: 2
[2023-11-09 16:23:37] [ INFO ] [PacienteDAOH2:57] Buscando paciente con ID:3
[2023-11-09 16:23:42] [ INFO ] [PacienteDAOH2:57] Buscando paciente con ID:4
[2023-11-09 16:23:42] [ INFO ] [DomicilioDAOH2:44] Buscando domicilio por ID: 4
[2023-11-09 16:24:56] [ INFO ] [PacienteDAOH2:137] Listando todos los pacientes
[2023-11-09 16:24:56] [ INFO ] [DomicilioDAOH2:44] Buscando domicilio por ID: 1
[2023-11-09 16:24:56] [ INFO ] [DomicilioDAOH2:44] Buscando domicilio por ID: 2
[2023-11-09 16:24:56] [ INFO ] [DomicilioDAOH2:44] Buscando domicilio por ID: 4
[2023-11-09 16:28:18] [ INFO ] [PacienteDAOH2:137] Listando todos los pacientes
[2023-11-09 16:28:18] [ INFO ] [DomicilioDAOH2:44] Buscando domicilio por ID: 1
[2023-11-09 16:28:18] [ INFO ] [DomicilioDAOH2:44] Buscando domicilio por ID: 2
[2023-11-09 16:28:18] [ INFO ] [DomicilioDAOH2:44] Buscando domicilio por ID: 4
[2023-11-09 16:28:41] [ INFO ] [BD:37] datos cargados con exito
[2023-11-09 16:28:47] [ INFO ] [PacienteDAOH2:137] Listando todos los pacientes
[2023-11-09 16:28:47] [ INFO ] [DomicilioDAOH2:44] Buscando domicilio por ID: 1
[2023-11-09 16:28:47] [ INFO ] [DomicilioDAOH2:44] Buscando domicilio por ID: 2
[2023-11-09 16:28:47] [ INFO ] [DomicilioDAOH2:44] Buscando domicilio por ID: 3
[2023-11-09 16:45:56] [ INFO ] [BD:37] datos cargados con exito
[2023-11-09 16:46:01] [ INFO ] [PacienteDAOH2:137] Listando todos los pacientes
[2023-11-09 16:46:01] [ INFO ] [DomicilioDAOH2:44] Buscando domicilio por ID: 1
[2023-11-09 16:46:01] [ INFO ] [DomicilioDAOH2:44] Buscando domicilio por ID: 2
[2023-11-09 16:46:01] [ INFO ] [DomicilioDAOH2:44] Buscando domicilio por ID: 3
[2023-11-09 16:48:45] [ INFO ] [BD:37] datos cargados con exito
[2023-11-09 16:48:55] [ INFO ] [PacienteDAOH2:137] Listando todos los pacientes
[2023-11-09 16:48:55] [ INFO ] [DomicilioDAOH2:44] Buscando domicilio por ID: 1
[2023-11-09 16:48:55] [ INFO ] [DomicilioDAOH2:44] Buscando domicilio por ID: 2
[2023-11-09 16:48:55] [ INFO ] [DomicilioDAOH2:44] Buscando domicilio por ID: 3
[2023-11-09 16:49:52] [ INFO ] [PacienteDAOH2:21] Guardando nuevo paciente
[2023-11-09 16:49:52] [ INFO ] [PacienteDAOH2:39]  paciente guardado
[2023-11-09 16:58:35] [ INFO ] [BD:37] datos cargados con exito
[2023-11-09 16:58:46] [ INFO ] [PacienteDAOH2:23] Guardando nuevo paciente
[2023-11-09 16:58:46] [ INFO ] [PacienteDAOH2:41]  paciente guardado
[2023-11-09 16:58:51] [ INFO ] [PacienteDAOH2:141] Listando todos los pacientes
[2023-11-09 16:58:51] [ INFO ] [DomicilioDAOH2:44] Buscando domicilio por ID: 1
[2023-11-09 16:58:51] [ INFO ] [DomicilioDAOH2:44] Buscando domicilio por ID: 2
[2023-11-09 16:58:51] [ INFO ] [DomicilioDAOH2:44] Buscando domicilio por ID: 3
[2023-11-09 16:58:51] [ INFO ] [DomicilioDAOH2:44] Buscando domicilio por ID: 4
[2023-11-09 16:59:23] [ INFO ] [PacienteDAOH2:141] Listando todos los pacientes
[2023-11-09 16:59:23] [ INFO ] [DomicilioDAOH2:44] Buscando domicilio por ID: 1
[2023-11-09 16:59:23] [ INFO ] [DomicilioDAOH2:44] Buscando domicilio por ID: 2
[2023-11-09 16:59:23] [ INFO ] [DomicilioDAOH2:44] Buscando domicilio por ID: 3
[2023-11-09 16:59:23] [ INFO ] [DomicilioDAOH2:44] Buscando domicilio por ID: 4
[2023-11-09 17:00:13] [ INFO ] [BD:37] datos cargados con exito
[2023-11-09 17:00:21] [ INFO ] [PacienteDAOH2:140] Listando todos los pacientes
[2023-11-09 17:00:21] [ INFO ] [DomicilioDAOH2:44] Buscando domicilio por ID: 1
[2023-11-09 17:00:21] [ INFO ] [DomicilioDAOH2:44] Buscando domicilio por ID: 2
[2023-11-09 17:00:21] [ INFO ] [DomicilioDAOH2:44] Buscando domicilio por ID: 3
[2023-11-09 17:02:11] [ INFO ] [PacienteDAOH2:140] Listando todos los pacientes
[2023-11-09 17:02:11] [ INFO ] [DomicilioDAOH2:44] Buscando domicilio por ID: 1
[2023-11-09 17:02:11] [ INFO ] [DomicilioDAOH2:44] Buscando domicilio por ID: 2
[2023-11-09 17:02:11] [ INFO ] [DomicilioDAOH2:44] Buscando domicilio por ID: 3
[2023-11-09 17:04:38] [ INFO ] [BD:37] datos cargados con exito
[2023-11-09 17:04:44] [ INFO ] [PacienteDAOH2:140] Listando todos los pacientes
[2023-11-09 17:04:44] [ INFO ] [DomicilioDAOH2:44] Buscando domicilio por ID: 1
[2023-11-09 17:04:44] [ INFO ] [DomicilioDAOH2:44] Buscando domicilio por ID: 2
[2023-11-09 17:04:44] [ INFO ] [DomicilioDAOH2:44] Buscando domicilio por ID: 3
[2023-11-09 17:06:48] [ INFO ] [PacienteDAOH2:171] Buscando paciente por EMail: alonemoe@gmail.com
[2023-11-09 17:06:48] [ INFO ] [DomicilioDAOH2:44] Buscando domicilio por ID: 3
[2023-11-09 17:09:39] [ INFO ] [BD:37] datos cargados con exito
[2023-11-09 17:09:48] [ INFO ] [PacienteDAOH2:140] Listando todos los pacientes
[2023-11-09 17:09:48] [ INFO ] [DomicilioDAOH2:44] Buscando domicilio por ID: 1
[2023-11-09 17:09:48] [ INFO ] [DomicilioDAOH2:44] Buscando domicilio por ID: 2
[2023-11-09 17:09:48] [ INFO ] [DomicilioDAOH2:44] Buscando domicilio por ID: 3
[2023-11-09 17:10:06] [ INFO ] [PacienteDAOH2:171] Buscando paciente por EMail: hombrex@gmail.com
[2023-11-09 17:10:06] [ INFO ] [DomicilioDAOH2:44] Buscando domicilio por ID: 1
[2023-11-09 17:10:11] [ INFO ] [PacienteDAOH2:171] Buscando paciente por EMail: hombrex@gmail.com
[2023-11-09 17:10:11] [ INFO ] [DomicilioDAOH2:44] Buscando domicilio por ID: 1
[2023-11-09 17:12:46] [ INFO ] [BD:37] datos cargados con exito
[2023-11-09 17:13:26] [ INFO ] [PacienteDAOH2:171] Buscando paciente por EMail: hombrex@gmail.com
[2023-11-09 17:13:26] [ INFO ] [DomicilioDAOH2:44] Buscando domicilio por ID: 1
[2023-11-09 17:13:28] [ INFO ] [PacienteDAOH2:171] Buscando paciente por EMail: hombrex@gmail.com
[2023-11-09 17:13:28] [ INFO ] [DomicilioDAOH2:44] Buscando domicilio por ID: 1
[2023-11-09 17:13:30] [ INFO ] [PacienteDAOH2:171] Buscando paciente por EMail: hombrex@gmail.com
[2023-11-09 17:13:30] [ INFO ] [DomicilioDAOH2:44] Buscando domicilio por ID: 1
[2023-11-09 17:13:38] [ INFO ] [PacienteDAOH2:140] Listando todos los pacientes
[2023-11-09 17:13:38] [ INFO ] [DomicilioDAOH2:44] Buscando domicilio por ID: 1
[2023-11-09 17:13:38] [ INFO ] [DomicilioDAOH2:44] Buscando domicilio por ID: 2
[2023-11-09 17:13:38] [ INFO ] [DomicilioDAOH2:44] Buscando domicilio por ID: 3
[2023-11-09 17:13:46] [ INFO ] [PacienteDAOH2:171] Buscando paciente por EMail: hombrex@gmail.com
[2023-11-09 17:13:46] [ INFO ] [DomicilioDAOH2:44] Buscando domicilio por ID: 1
[2023-11-09 17:14:07] [ INFO ] [BD:37] datos cargados con exito
[2023-11-09 17:14:14] [ INFO ] [PacienteDAOH2:171] Buscando paciente por EMail: hombrex@gmail.com
[2023-11-09 17:14:14] [ INFO ] [DomicilioDAOH2:44] Buscando domicilio por ID: 1
[2023-11-09 17:14:39] [ INFO ] [PacienteDAOH2:171] Buscando paciente por EMail: alonemoe@gmail.com
[2023-11-09 17:14:39] [ INFO ] [DomicilioDAOH2:44] Buscando domicilio por ID: 3
[2023-11-09 17:15:30] [ INFO ] [PacienteDAOH2:171] Buscando paciente por EMail: hombrex@gmail.com
[2023-11-09 17:15:30] [ INFO ] [DomicilioDAOH2:44] Buscando domicilio por ID: 1
[2023-11-09 19:22:08] [ INFO ] [BD:37] datos cargados con exito
[2023-11-09 19:25:56] [ INFO ] [BD:37] datos cargados con exito
[2023-11-09 19:26:11] [ INFO ] [PacienteDAOH2:171] Buscando paciente por EMail: hombrex@gmail.com
[2023-11-09 19:26:11] [ INFO ] [DomicilioDAOH2:44] Buscando domicilio por ID: 1
[2023-11-09 19:26:58] [ INFO ] [BD:37] datos cargados con exito
[2023-11-09 19:27:03] [ INFO ] [PacienteDAOH2:171] Buscando paciente por EMail: hombrex@gmail.com
[2023-11-09 19:27:03] [ INFO ] [DomicilioDAOH2:44] Buscando domicilio por ID: 1
[2023-11-09 19:28:05] [ INFO ] [BD:37] datos cargados con exito
[2023-11-09 19:28:11] [ INFO ] [PacienteDAOH2:171] Buscando paciente por EMail: hombrex@gmail.com
[2023-11-09 19:28:11] [ INFO ] [DomicilioDAOH2:44] Buscando domicilio por ID: 1
[2023-11-09 21:44:10] [ INFO ] [BD:37] datos cargados con exito
[2023-11-09 21:45:19] [ INFO ] [PacienteDAOH2:171] Buscando paciente por EMail: hombrex@gmail.com
[2023-11-09 21:45:19] [ INFO ] [DomicilioDAOH2:44] Buscando domicilio por ID: 1
[2023-11-09 21:47:09] [ INFO ] [BD:37] datos cargados con exito
[2023-11-09 21:50:41] [ INFO ] [BD:37] datos cargados con exito
[2023-11-09 21:51:51] [ INFO ] [PacienteDAOH2:59] Buscando paciente con ID:1
[2023-11-09 21:51:51] [ INFO ] [DomicilioDAOH2:44] Buscando domicilio por ID: 1
[2023-11-09 21:52:39] [ INFO ] [PacienteDAOH2:23] Guardando nuevo paciente
[2023-11-09 21:52:39] [ INFO ] [PacienteDAOH2:41]  paciente guardado
[2023-11-09 21:52:45] [ INFO ] [PacienteDAOH2:59] Buscando paciente con ID:4
[2023-11-09 21:52:45] [ INFO ] [DomicilioDAOH2:44] Buscando domicilio por ID: 4
[2023-11-10 10:08:54] [ INFO ] [BD:37] datos cargados con exito
[2023-11-10 10:09:06] [ INFO ] [PacienteDAOH2:23] Guardando nuevo paciente
[2023-11-10 10:09:06] [ INFO ] [PacienteDAOH2:42]  paciente guardado
[2023-11-10 10:09:24] [ INFO ] [PacienteDAOH2:60] Buscando paciente con ID:4
[2023-11-10 10:09:24] [ INFO ] [DomicilioDAOH2:44] Buscando domicilio por ID: 4
[2023-11-10 10:09:29] [ INFO ] [PacienteDAOH2:60] Buscando paciente con ID:1
[2023-11-10 10:09:29] [ INFO ] [DomicilioDAOH2:44] Buscando domicilio por ID: 1
[2023-11-10 10:24:06] [ INFO ] [BD:37] datos cargados con exito
[2023-11-10 10:37:51] [ WARN ] [BD:47] Error de Sintaxis en sentencia SQL "INSERT INTO DOMICILIOS (CALLE, NUMERO, LOCALIDAD, PROVINCIA) VALUES ('Siempre viva', '742', 'Sprinfield', 'USA'), ('Rich Av.', '1000', 'Lomas de Springfield', 'USA'), ('Bar de Moe', '33', 'Springfield', 'USA')[*]INSERT INTO ODONTOLOGOS (MATRICULA, NOMBRE, APELLIDO) VALUES ('SM6913', 'Nick', 'Riviera'),('SM2365', 'Julius', 'Hibbert'),('SM7901', 'Marcos', 'Muelas'),"
Syntax error in SQL statement "INSERT INTO DOMICILIOS (CALLE, NUMERO, LOCALIDAD, PROVINCIA) VALUES ('Siempre viva', '742', 'Sprinfield', 'USA'), ('Rich Av.', '1000', 'Lomas de Springfield', 'USA'), ('Bar de Moe', '33', 'Springfield', 'USA')[*]INSERT INTO ODONTOLOGOS (MATRICULA, NOMBRE, APELLIDO) VALUES ('SM6913', 'Nick', 'Riviera'),('SM2365', 'Julius', 'Hibbert'),('SM7901', 'Marcos', 'Muelas'),"; SQL statement:
INSERT INTO DOMICILIOS (CALLE, NUMERO, LOCALIDAD, PROVINCIA) VALUES ('Siempre viva', '742', 'Sprinfield', 'USA'), ('Rich Av.', '1000', 'Lomas de Springfield', 'USA'), ('Bar de Moe', '33', 'Springfield', 'USA')INSERT INTO ODONTOLOGOS (MATRICULA, NOMBRE, APELLIDO) VALUES ('SM6913', 'Nick', 'Riviera'),('SM2365', 'Julius', 'Hibbert'),('SM7901', 'Marcos', 'Muelas'), [42000-214]
[2023-11-10 10:43:07] [ WARN ] [BD:46] Error de Sintaxis en sentencia SQL "INSERT INTO DOMICILIOS (CALLE, NUMERO, LOCALIDAD, PROVINCIA) VALUES ('Siempre viva', '742', 'Sprinfield', 'USA'), ('Rich Av.', '1000', 'Lomas de Springfield', 'USA'), ('Bar de Moe', '33', 'Springfield', 'USA')[*]INSERT INTO ODONTOLOGOS (MATRICULA, NOMBRE, APELLIDO) VALUES ('SM6913', 'Nick', 'Riviera'),('SM2365', 'Julius', 'Hibbert'),('SM7901', 'Marcos', 'Muelas');"
Syntax error in SQL statement "INSERT INTO DOMICILIOS (CALLE, NUMERO, LOCALIDAD, PROVINCIA) VALUES ('Siempre viva', '742', 'Sprinfield', 'USA'), ('Rich Av.', '1000', 'Lomas de Springfield', 'USA'), ('Bar de Moe', '33', 'Springfield', 'USA')[*]INSERT INTO ODONTOLOGOS (MATRICULA, NOMBRE, APELLIDO) VALUES ('SM6913', 'Nick', 'Riviera'),('SM2365', 'Julius', 'Hibbert'),('SM7901', 'Marcos', 'Muelas');"; SQL statement:
INSERT INTO DOMICILIOS (CALLE, NUMERO, LOCALIDAD, PROVINCIA) VALUES ('Siempre viva', '742', 'Sprinfield', 'USA'), ('Rich Av.', '1000', 'Lomas de Springfield', 'USA'), ('Bar de Moe', '33', 'Springfield', 'USA')INSERT INTO ODONTOLOGOS (MATRICULA, NOMBRE, APELLIDO) VALUES ('SM6913', 'Nick', 'Riviera'),('SM2365', 'Julius', 'Hibbert'),('SM7901', 'Marcos', 'Muelas'); [42000-214]
[2023-11-10 10:43:54] [ WARN ] [BD:46] Conversión de datos fallida, convirtiendo "'SM6913' (ODONTOLOGOS: ""MATRICULA"" INTEGER NOT NULL)"
Data conversion error converting "'SM6913' (ODONTOLOGOS: ""MATRICULA"" INTEGER NOT NULL)"; SQL statement:
INSERT INTO PACIENTES (NOMBRE, APELLIDO, CEDULA, FECHA_INGRESO, DOMICILIO_ID, EMAIL) VALUES ('Homero', 'Simpson', 'C4043243', '1956-05-12', 1, 'hombrex@gmail.com'), ('Montgomery', 'Burns', '00145', '2023-10-15', 2, 'mrburns@gmail.com'), ('Moe', 'Szyslac', '34567', '2023-10-20', 3, 'alonemoe@gmail.com') [22018-214]
[2023-11-10 10:49:27] [ WARN ] [BD:59] Conversión de datos fallida, convirtiendo "'SM6913' (ODONTOLOGOS: ""MATRICULA"" INTEGER NOT NULL)"
Data conversion error converting "'SM6913' (ODONTOLOGOS: ""MATRICULA"" INTEGER NOT NULL)"; SQL statement:
INSERT INTO PACIENTES (NOMBRE, APELLIDO, CEDULA, FECHA_INGRESO, DOMICILIO_ID, EMAIL) VALUES ('Homero', 'Simpson', 'C4043243', '1956-05-12', 1, 'hombrex@gmail.com') [22018-214]
[2023-11-10 10:55:18] [ INFO ] [BD:56] Base de datos creada, datos de prueba cargados
[2023-11-10 10:58:40] [ INFO ] [PacienteDAOH2:60] Buscando paciente con ID:1
[2023-11-10 10:58:40] [ INFO ] [DomicilioDAOH2:44] Buscando domicilio por ID: 1
[2023-11-10 10:59:31] [ INFO ] [PacienteDAOH2:60] Buscando paciente con ID:3
[2023-11-10 10:59:31] [ INFO ] [DomicilioDAOH2:44] Buscando domicilio por ID: 3
[2023-11-10 11:00:13] [ INFO ] [PacienteDAOH2:172] Buscando paciente por EMail: alonemoe@gmail.com
[2023-11-10 11:00:13] [ INFO ] [DomicilioDAOH2:44] Buscando domicilio por ID: 3
[2023-11-10 11:00:39] [ INFO ] [OdontologoDAOH2:46] iniciando las operaciones de : buscado por ID 1
[2023-11-10 11:02:57] [ INFO ] [OdontologoDAOH2:18] iniciando las operaciones de : guardado odontologo:MataApellido: Sanos Matricula :  SM7789
[2023-11-10 11:11:44] [ INFO ] [OdontologoDAOH2:46] iniciando las operaciones de : buscado por ID 4
[2023-11-10 11:12:51] [ INFO ] [OdontologoDAOH2:46] iniciando las operaciones de : buscado por ID 4
[2023-11-10 11:12:52] [ INFO ] [OdontologoDAOH2:96] Actualizando odontologo 
[2023-11-10 11:12:52] [ ERROR] [OdontologoDAOH2:107] Parametro "#4" no está fijado
Parameter "#4" is not set; SQL statement:
UPDATE ODONTOLOGOS SET MATRICULA=?, NOMBRE=?, APELLIDO=? WHERE ID =? [90012-214]
[2023-11-10 11:12:57] [ INFO ] [OdontologoDAOH2:46] iniciando las operaciones de : buscado por ID 4
[2023-11-10 11:12:58] [ INFO ] [OdontologoDAOH2:46] iniciando las operaciones de : buscado por ID 4
[2023-11-10 11:13:43] [ INFO ] [BD:56] Base de datos creada, datos de prueba cargados
[2023-11-10 11:14:00] [ INFO ] [OdontologoDAOH2:46] iniciando las operaciones de : buscado por ID 4
[2023-11-10 11:14:16] [ INFO ] [OdontologoDAOH2:18] iniciando las operaciones de : guardado odontologo:MataApellido: Sanos Matricula :  SM7789
[2023-11-10 11:14:22] [ INFO ] [OdontologoDAOH2:46] iniciando las operaciones de : buscado por ID 4
[2023-11-10 11:14:27] [ INFO ] [OdontologoDAOH2:46] iniciando las operaciones de : buscado por ID 4
[2023-11-10 11:14:27] [ INFO ] [OdontologoDAOH2:96] Actualizando odontologo 
[2023-11-10 11:14:27] [ ERROR] [OdontologoDAOH2:107] Parametro "#4" no está fijado
Parameter "#4" is not set; SQL statement:
UPDATE ODONTOLOGOS SET MATRICULA=?, NOMBRE=?, APELLIDO=? WHERE ID =? [90012-214]
[2023-11-10 11:14:32] [ INFO ] [OdontologoDAOH2:46] iniciando las operaciones de : buscado por ID 4
[2023-11-10 11:14:38] [ INFO ] [OdontologoDAOH2:46] iniciando las operaciones de : buscado por ID 3
[2023-11-10 11:14:44] [ INFO ] [OdontologoDAOH2:46] iniciando las operaciones de : buscado por ID 4
[2023-11-10 11:20:24] [ INFO ] [BD:56] Base de datos creada, datos de prueba cargados
[2023-11-10 11:20:41] [ INFO ] [OdontologoDAOH2:18] iniciando las operaciones de : guardado odontologo:MataApellido: Sanos Matricula :  SM7789
[2023-11-10 11:20:48] [ INFO ] [OdontologoDAOH2:46] iniciando las operaciones de : buscado por ID 4
[2023-11-10 11:20:48] [ INFO ] [OdontologoDAOH2:97] Actualizando odontologo
[2023-11-10 11:20:52] [ INFO ] [OdontologoDAOH2:46] iniciando las operaciones de : buscado por ID 4
[2023-11-10 11:23:04] [ INFO ] [OdontologoDAOH2:46] iniciando las operaciones de : buscado por ID 4
[2023-11-10 11:23:29] [ INFO ] [OdontologoDAOH2:46] iniciando las operaciones de : buscado por ID 4
[2023-11-10 11:23:29] [ INFO ] [OdontologoDAOH2:74] Eliminando Odontologo con ID:  4
[2023-11-10 11:23:29] [ ERROR] [OdontologoDAOH2:83] Error de Sintaxis en sentencia SQL "DELETE [*]* FROM ODONTOLOGOS WHERE ID=?"; se esperaba "identifier"
Syntax error in SQL statement "DELETE [*]* FROM ODONTOLOGOS WHERE ID=?"; expected "identifier"; SQL statement:
DELETE * FROM ODONTOLOGOS WHERE ID=? [42001-214]
[2023-11-10 11:23:36] [ INFO ] [OdontologoDAOH2:46] iniciando las operaciones de : buscado por ID 4
[2023-11-10 11:23:41] [ INFO ] [OdontologoDAOH2:46] iniciando las operaciones de : buscado por ID 4
[2023-11-10 11:23:55] [ INFO ] [BD:56] Base de datos creada, datos de prueba cargados
[2023-11-10 11:24:43] [ INFO ] [OdontologoDAOH2:18] iniciando las operaciones de : guardado odontologo:MataApellido: Sanos Matricula :  SM7789
[2023-11-10 11:24:49] [ INFO ] [OdontologoDAOH2:46] iniciando las operaciones de : buscado por ID 4
[2023-11-10 11:24:50] [ INFO ] [OdontologoDAOH2:97] Actualizando odontologo
[2023-11-10 11:24:52] [ INFO ] [OdontologoDAOH2:46] iniciando las operaciones de : buscado por ID 4
[2023-11-10 11:24:56] [ INFO ] [OdontologoDAOH2:46] iniciando las operaciones de : buscado por ID 4
[2023-11-10 11:24:56] [ INFO ] [OdontologoDAOH2:74] Eliminando Odontologo con ID:  4
[2023-11-10 11:24:56] [ ERROR] [OdontologoDAOH2:83] Error de Sintaxis en sentencia SQL "DELETE [*]* FROM ODONTOLOGOS WHERE ID=?"; se esperaba "identifier"
Syntax error in SQL statement "DELETE [*]* FROM ODONTOLOGOS WHERE ID=?"; expected "identifier"; SQL statement:
DELETE * FROM ODONTOLOGOS WHERE ID=? [42001-214]
[2023-11-10 11:25:04] [ INFO ] [OdontologoDAOH2:46] iniciando las operaciones de : buscado por ID 3
[2023-11-10 11:25:09] [ INFO ] [OdontologoDAOH2:46] iniciando las operaciones de : buscado por ID 4
[2023-11-10 11:25:40] [ INFO ] [BD:56] Base de datos creada, datos de prueba cargados
[2023-11-10 11:25:51] [ INFO ] [OdontologoDAOH2:46] iniciando las operaciones de : buscado por ID 4
[2023-11-10 11:25:55] [ INFO ] [OdontologoDAOH2:18] iniciando las operaciones de : guardado odontologo:MataApellido: Sanos Matricula :  SM7789
[2023-11-10 11:25:59] [ INFO ] [OdontologoDAOH2:46] iniciando las operaciones de : buscado por ID 4
[2023-11-10 11:25:59] [ INFO ] [OdontologoDAOH2:74] Eliminando Odontologo con ID:  4
[2023-11-10 11:26:03] [ INFO ] [OdontologoDAOH2:46] iniciando las operaciones de : buscado por ID 4
[2023-11-10 11:26:08] [ INFO ] [OdontologoDAOH2:46] iniciando las operaciones de : buscado por ID 3
[2023-11-10 11:26:13] [ INFO ] [OdontologoDAOH2:18] iniciando las operaciones de : guardado odontologo:MataApellido: Sanos Matricula :  SM7789
[2023-11-10 11:26:18] [ INFO ] [OdontologoDAOH2:46] iniciando las operaciones de : buscado por ID 4
[2023-11-10 11:26:28] [ INFO ] [OdontologoDAOH2:46] iniciando las operaciones de : buscado por ID 5
[2023-11-10 11:26:32] [ INFO ] [OdontologoDAOH2:46] iniciando las operaciones de : buscado por ID 4
[2023-11-10 11:26:37] [ INFO ] [OdontologoDAOH2:46] iniciando las operaciones de : buscado por ID 5
[2023-11-10 11:26:37] [ INFO ] [OdontologoDAOH2:74] Eliminando Odontologo con ID:  5
[2023-11-10 11:26:40] [ INFO ] [OdontologoDAOH2:46] iniciando las operaciones de : buscado por ID 5
[2023-11-10 11:27:25] [ INFO ] [OdontologoDAOH2:121] iniciando las operaciones de : 
[2023-11-10 11:54:10] [ INFO ] [BD:56] Base de datos creada, datos de prueba cargados
[2023-11-10 11:54:41] [ INFO ] [BD:56] Base de datos creada, datos de prueba cargados
[2023-11-10 11:57:44] [ INFO ] [BD:56] Base de datos creada, datos de prueba cargados
[2023-11-10 11:59:54] [ INFO ] [BD:56] Base de datos creada, datos de prueba cargados
[2023-11-10 12:02:03] [ INFO ] [BD:56] Base de datos creada, datos de prueba cargados
[2023-11-10 12:03:12] [ INFO ] [BD:56] Base de datos creada, datos de prueba cargados
[2023-11-10 12:05:38] [ INFO ] [BD:56] Base de datos creada, datos de prueba cargados
[2023-11-10 12:09:27] [ INFO ] [BD:56] Base de datos creada, datos de prueba cargados
[2023-11-10 12:11:04] [ INFO ] [BD:56] Base de datos creada, datos de prueba cargados
[2023-11-10 12:12:21] [ INFO ] [BD:56] Base de datos creada, datos de prueba cargados
[2023-11-10 12:13:03] [ INFO ] [BD:56] Base de datos creada, datos de prueba cargados
[2023-11-10 20:29:47] [ INFO ] [BD:56] Base de datos creada, datos de prueba cargados
[2023-11-10 20:30:26] [ INFO ] [BD:56] Base de datos creada, datos de prueba cargados
[2023-11-10 20:32:27] [ INFO ] [BD:56] Base de datos creada, datos de prueba cargados
[2023-11-10 20:34:03] [ INFO ] [BD:56] Base de datos creada, datos de prueba cargados
[2023-11-10 20:38:04] [ INFO ] [BD:56] Base de datos creada, datos de prueba cargados
[2023-11-10 20:39:46] [ INFO ] [BD:56] Base de datos creada, datos de prueba cargados
[2023-11-10 20:40:24] [ INFO ] [BD:56] Base de datos creada, datos de prueba cargados
[2023-11-10 20:42:28] [ INFO ] [BD:56] Base de datos creada, datos de prueba cargados
[2023-11-10 20:45:10] [ INFO ] [BD:56] Base de datos creada, datos de prueba cargados
[2023-11-10 20:46:28] [ INFO ] [BD:56] Base de datos creada, datos de prueba cargados
[2023-11-10 20:47:15] [ INFO ] [BD:56] Base de datos creada, datos de prueba cargados
[2023-11-10 20:48:53] [ INFO ] [BD:56] Base de datos creada, datos de prueba cargados
[2023-11-10 20:49:37] [ INFO ] [BD:56] Base de datos creada, datos de prueba cargados
[2023-11-10 20:50:32] [ INFO ] [BD:56] Base de datos creada, datos de prueba cargados
[2023-11-10 20:51:55] [ INFO ] [BD:56] Base de datos creada, datos de prueba cargados
[2023-11-10 20:53:54] [ INFO ] [BD:56] Base de datos creada, datos de prueba cargados
[2023-11-10 20:59:27] [ INFO ] [BD:56] Base de datos creada, datos de prueba cargados
[2023-11-10 21:00:56] [ INFO ] [BD:56] Base de datos creada, datos de prueba cargados
[2023-11-10 21:02:21] [ INFO ] [BD:56] Base de datos creada, datos de prueba cargados
[2023-11-10 21:04:53] [ INFO ] [BD:56] Base de datos creada, datos de prueba cargados
[2023-11-10 21:05:34] [ INFO ] [BD:56] Base de datos creada, datos de prueba cargados
[2023-11-10 21:09:41] [ INFO ] [BD:56] Base de datos creada, datos de prueba cargados
[2023-11-10 21:10:54] [ INFO ] [BD:56] Base de datos creada, datos de prueba cargados
[2023-11-10 21:19:37] [ INFO ] [BD:56] Base de datos creada, datos de prueba cargados
[2023-11-10 21:21:21] [ INFO ] [BD:56] Base de datos creada, datos de prueba cargados
[2023-11-10 21:21:56] [ INFO ] [BD:56] Base de datos creada, datos de prueba cargados
[2023-11-10 21:22:30] [ INFO ] [BD:56] Base de datos creada, datos de prueba cargados
[2023-11-11 10:18:05] [ INFO ] [BD:56] Base de datos creada, datos de prueba cargados
[2023-11-11 10:18:24] [ INFO ] [OdontologoDAOH2:46] iniciando las operaciones de : buscado por ID 2
[2023-11-11 10:18:42] [ INFO ] [OdontologoDAOH2:18] iniciando las operaciones de : guardado odontologo:MataApellido: Sanos Matricula :  SM7789
[2023-11-11 10:18:47] [ INFO ] [OdontologoDAOH2:46] iniciando las operaciones de : buscado por ID 4
[2023-11-11 10:18:47] [ INFO ] [OdontologoDAOH2:94] Actualizando odontologo
[2023-11-11 10:18:58] [ INFO ] [OdontologoDAOH2:46] iniciando las operaciones de : buscado por ID 4
[2023-11-11 10:19:23] [ INFO ] [OdontologoDAOH2:46] iniciando las operaciones de : buscado por ID 4
[2023-11-11 10:19:23] [ INFO ] [OdontologoDAOH2:74] Eliminando Odontologo con ID:  4
[2023-11-11 10:19:27] [ INFO ] [OdontologoDAOH2:46] iniciando las operaciones de : buscado por ID 4
[2023-11-11 10:33:15] [ INFO ] [BD:56] Base de datos creada, datos de prueba cargados
[2023-11-11 10:33:34] [ INFO ] [OdontologoDAOH2:123] Listando todos los odontolólogos
[2023-11-11 10:34:07] [ INFO ] [OdontologoDAOH2:123] Listando todos los odontolólogos
[2023-11-11 10:34:16] [ INFO ] [OdontologoDAOH2:123] Listando todos los odontolólogos
[2023-11-11 10:35:03] [ INFO ] [BD:56] Base de datos creada, datos de prueba cargados
[2023-11-11 10:35:11] [ INFO ] [OdontologoDAOH2:123] Listando todos los odontolólogos
[2023-11-11 10:37:07] [ INFO ] [OdontologoDAOH2:155] iniciando las operaciones de : 
[2023-11-11 10:41:43] [ INFO ] [BD:56] Base de datos creada, datos de prueba cargados
[2023-11-11 10:42:11] [ INFO ] [OdontologoDAOH2:155] iniciando las operaciones de : 
[2023-11-11 10:42:41] [ INFO ] [BD:56] Base de datos creada, datos de prueba cargados
[2023-11-11 10:42:45] [ INFO ] [OdontologoDAOH2:155] iniciando las operaciones de : 
[2023-11-11 10:47:49] [ INFO ] [OdontologoDAOH2:155] iniciando las operaciones de : 
[2023-11-11 10:48:33] [ INFO ] [BD:56] Base de datos creada, datos de prueba cargados
[2023-11-11 10:48:37] [ INFO ] [OdontologoDAOH2:155] Buscando odontólogo por Matrícula de : SM6913
[2023-11-11 11:59:17] [ INFO ] [BD:56] Base de datos creada, datos de prueba cargados
[2023-11-11 12:21:40] [ INFO ] [BD:56] Base de datos creada, datos de prueba cargados
[2023-11-11 12:29:38] [ INFO ] [PacienteDAOH2:23] Guardando nuevo paciente
[2023-11-11 12:29:38] [ ERROR] [PacienteDAOH2:46] Valor demasiado largo para la columna "CEDULA CHARACTER VARYING(10)": "'Cedula Test' (11)"
Value too long for column "CEDULA CHARACTER VARYING(10)": "'Cedula Test' (11)"; SQL statement:
INSERT INTO PACIENTES (NOMBRE, APELLIDO, CEDULA, FECHA_INGRESO, DOMICILIO_ID, EMAIL) VALUES(?,?,?,?,?,?) [22001-214]
[2023-11-11 12:30:11] [ INFO ] [PacienteDAOH2:23] Guardando nuevo paciente
[2023-11-11 12:30:11] [ INFO ] [PacienteDAOH2:42]  paciente guardado
[2023-11-11 12:32:07] [ INFO ] [BD:56] Base de datos creada, datos de prueba cargados
[2023-11-11 12:35:54] [ INFO ] [BD:56] Base de datos creada, datos de prueba cargados
[2023-11-11 12:40:47] [ INFO ] [BD:56] Base de datos creada, datos de prueba cargados
[2023-11-11 18:29:25] [ INFO ] [OdontologoDAOH2:123] Listando todos los odontolólogos
[2023-11-11 18:29:25] [ INFO ] [OdontologoDAOH2:20] iniciando las operaciones de : guardado odontologo:JohnApellido: Doe Matricula :  12345
[2023-11-11 18:29:25] [ INFO ] [OdontologoDAOH2:48] Buscando Odontólogo por ID: 4
[2023-11-11 18:29:25] [ INFO ] [OdontologoDAOH2:20] iniciando las operaciones de : guardado odontologo:JohnApellido: Doe Matricula :  12345
[2023-11-11 18:29:25] [ INFO ] [OdontologoDAOH2:20] iniciando las operaciones de : guardado odontologo:JohnApellido: Doe Matricula :  12345
[2023-11-11 18:29:25] [ INFO ] [OdontologoDAOH2:76] Eliminando Odontologo con ID:  6
[2023-11-11 18:29:25] [ INFO ] [OdontologoDAOH2:48] Buscando Odontólogo por ID: 6
[2023-11-11 18:29:26] [ INFO ] [OdontologoDAOH2:48] Buscando Odontólogo por ID: -1
[2023-11-11 18:32:38] [ INFO ] [BD:56] Base de datos creada, datos de prueba cargados
[2023-11-11 18:36:48] [ INFO ] [BD:56] Base de datos creada, datos de prueba cargados
[2023-11-11 18:37:06] [ INFO ] [OdontologoDAOH2:123] Listando todos los odontolólogos
[2023-11-11 18:37:07] [ INFO ] [OdontologoDAOH2:20] iniciando las operaciones de : guardado odontologo:JohnApellido: Doe Matricula :  12345
[2023-11-11 18:37:07] [ INFO ] [OdontologoDAOH2:48] Buscando Odontólogo por ID: 4
[2023-11-11 18:37:07] [ INFO ] [OdontologoDAOH2:20] iniciando las operaciones de : guardado odontologo:JohnApellido: Doe Matricula :  12345
[2023-11-11 18:37:07] [ INFO ] [OdontologoDAOH2:20] iniciando las operaciones de : guardado odontologo:JohnApellido: Doe Matricula :  12345
[2023-11-11 18:37:07] [ INFO ] [OdontologoDAOH2:76] Eliminando Odontologo con ID:  6
[2023-11-11 18:37:07] [ INFO ] [OdontologoDAOH2:48] Buscando Odontólogo por ID: 6
[2023-11-11 18:37:07] [ INFO ] [OdontologoDAOH2:48] Buscando Odontólogo por ID: -1
[2023-11-11 18:37:18] [ INFO ] [PacienteDAOH2:23] Guardando nuevo paciente
[2023-11-11 18:37:18] [ ERROR] [PacienteDAOH2:46] Valor demasiado largo para la columna "CEDULA CHARACTER VARYING(10)": "'Cedula Test' (11)"
Value too long for column "CEDULA CHARACTER VARYING(10)": "'Cedula Test' (11)"; SQL statement:
INSERT INTO PACIENTES (NOMBRE, APELLIDO, CEDULA, FECHA_INGRESO, DOMICILIO_ID, EMAIL) VALUES(?,?,?,?,?,?) [22001-214]
[2023-11-11 18:37:56] [ INFO ] [PacienteDAOH2:23] Guardando nuevo paciente
[2023-11-11 18:37:56] [ ERROR] [PacienteDAOH2:46] Valor demasiado largo para la columna "CEDULA CHARACTER VARYING(10)": "'Cedula Test' (11)"
Value too long for column "CEDULA CHARACTER VARYING(10)": "'Cedula Test' (11)"; SQL statement:
INSERT INTO PACIENTES (NOMBRE, APELLIDO, CEDULA, FECHA_INGRESO, DOMICILIO_ID, EMAIL) VALUES(?,?,?,?,?,?) [22001-214]
[2023-11-11 18:38:17] [ INFO ] [BD:56] Base de datos creada, datos de prueba cargados
[2023-11-11 18:38:26] [ INFO ] [PacienteDAOH2:23] Guardando nuevo paciente
[2023-11-11 18:38:26] [ ERROR] [PacienteDAOH2:46] Valor demasiado largo para la columna "CEDULA CHARACTER VARYING(10)": "'Cedula Test' (11)"
Value too long for column "CEDULA CHARACTER VARYING(10)": "'Cedula Test' (11)"; SQL statement:
INSERT INTO PACIENTES (NOMBRE, APELLIDO, CEDULA, FECHA_INGRESO, DOMICILIO_ID, EMAIL) VALUES(?,?,?,?,?,?) [22001-214]
[2023-11-11 18:38:46] [ INFO ] [BD:56] Base de datos creada, datos de prueba cargados
[2023-11-11 18:38:56] [ INFO ] [PacienteDAOH2:23] Guardando nuevo paciente
[2023-11-11 18:38:56] [ ERROR] [PacienteDAOH2:46] Valor demasiado largo para la columna "CEDULA CHARACTER VARYING(10)": "'Cedula Test' (11)"
Value too long for column "CEDULA CHARACTER VARYING(10)": "'Cedula Test' (11)"; SQL statement:
INSERT INTO PACIENTES (NOMBRE, APELLIDO, CEDULA, FECHA_INGRESO, DOMICILIO_ID, EMAIL) VALUES(?,?,?,?,?,?) [22001-214]
[2023-11-11 18:39:33] [ INFO ] [PacienteDAOH2:23] Guardando nuevo paciente
[2023-11-11 18:39:33] [ ERROR] [PacienteDAOH2:46] Valor demasiado largo para la columna "CEDULA CHARACTER VARYING(10)": "'Cedula Test' (11)"
Value too long for column "CEDULA CHARACTER VARYING(10)": "'Cedula Test' (11)"; SQL statement:
INSERT INTO PACIENTES (NOMBRE, APELLIDO, CEDULA, FECHA_INGRESO, DOMICILIO_ID, EMAIL) VALUES(?,?,?,?,?,?) [22001-214]
[2023-11-11 18:40:56] [ INFO ] [BD:56] Base de datos creada, datos de prueba cargados
[2023-11-11 18:41:19] [ INFO ] [PacienteDAOH2:23] Guardando nuevo paciente
[2023-11-11 18:41:19] [ INFO ] [PacienteDAOH2:42]  paciente guardado
[2023-11-11 18:45:34] [ INFO ] [OdontologoDAOH2:123] Listando todos los odontolólogos
[2023-11-11 18:45:41] [ INFO ] [PacienteDAOH2:23] Guardando nuevo paciente
[2023-11-11 18:45:41] [ INFO ] [PacienteDAOH2:42]  paciente guardado
[2023-11-11 18:46:45] [ INFO ] [PacienteDAOH2:23] Guardando nuevo paciente
[2023-11-11 18:46:45] [ INFO ] [PacienteDAOH2:42]  paciente guardado
[2023-11-11 18:48:42] [ INFO ] [BD:56] Base de datos creada, datos de prueba cargados
[2023-11-11 18:51:35] [ INFO ] [BD:56] Base de datos creada, datos de prueba cargados
[2023-11-11 18:58:26] [ INFO ] [BD:56] Base de datos creada, datos de prueba cargados
[2023-11-11 19:10:50] [ INFO ] [BD:56] Base de datos creada, datos de prueba cargados
[2023-11-12 16:25:22] [ INFO ] [BD:56] Base de datos creada, datos de prueba cargados
[2023-11-12 21:24:19] [ INFO ] [BD:56] Base de datos creada, datos de prueba cargados
[2023-11-12 21:28:28] [ INFO ] [BD:56] Base de datos creada, datos de prueba cargados
[2023-11-12 21:30:08] [ INFO ] [BD:56] Base de datos creada, datos de prueba cargados
[2023-11-12 21:30:45] [ INFO ] [BD:56] Base de datos creada, datos de prueba cargados
[2023-11-12 21:31:03] [ INFO ] [BD:56] Base de datos creada, datos de prueba cargados
[2023-11-12 21:37:05] [ INFO ] [BD:56] Base de datos creada, datos de prueba cargados
[2023-11-12 21:42:53] [ INFO ] [BD:56] Base de datos creada, datos de prueba cargados
[2023-11-12 21:44:06] [ INFO ] [OdontologoDAOH2:123] Listando todos los odontolólogos
[2023-11-12 21:45:48] [ INFO ] [OdontologoDAOH2:20] iniciando las operaciones de : guardado odontologo:MataApellido: Sanos Matricula :  SM7789
[2023-11-12 21:45:56] [ INFO ] [OdontologoDAOH2:123] Listando todos los odontolólogos
[2023-11-12 21:46:20] [ INFO ] [BD:56] Base de datos creada, datos de prueba cargados
[2023-11-12 21:50:36] [ INFO ] [BD:56] Base de datos creada, datos de prueba cargados
[2023-11-12 21:51:15] [ INFO ] [OdontologoDAOH2:123] Listando todos los odontolólogos
[2023-11-12 21:55:17] [ INFO ] [BD:56] Base de datos creada, datos de prueba cargados
[2023-11-12 21:55:54] [ INFO ] [OdontologoDAOH2:123] Listando todos los odontolólogos
[2023-11-12 22:00:59] [ INFO ] [BD:56] Base de datos creada, datos de prueba cargados
[2023-11-12 22:02:43] [ INFO ] [BD:56] Base de datos creada, datos de prueba cargados
[2023-11-12 22:04:04] [ INFO ] [BD:56] Base de datos creada, datos de prueba cargados
[2023-11-12 22:06:15] [ INFO ] [BD:56] Base de datos creada, datos de prueba cargados
[2023-11-12 22:06:50] [ INFO ] [OdontologoDAOH2:20] iniciando las operaciones de : guardado odontologo:PatricioApellido: Donald Matricula :  MS9434
[2023-11-12 22:07:17] [ INFO ] [OdontologoDAOH2:123] Listando todos los odontolólogos
[2023-11-14 12:15:23] [ INFO ] [BD:56] Base de datos creada, datos de prueba cargados
[2023-11-14 12:30:05] [ INFO ] [BD:56] Base de datos creada, datos de prueba cargados
[2023-11-14 12:32:07] [ INFO ] [OdontologoDAOH2:20] Guardando odontólogo: Patricio Apellido: Donald Matricula :  MS9434
[2023-11-14 12:32:13] [ INFO ] [OdontologoDAOH2:123] Listando todos los odontolólogos
[2023-11-14 12:48:46] [ INFO ] [BD:56] Base de datos creada, datos de prueba cargados
[2023-11-14 12:50:16] [ INFO ] [OdontologoDAOH2:124] Listando todos los odontolólogos
[2023-11-14 12:50:51] [ INFO ] [OdontologoDAOH2:124] Listando todos los odontolólogos
[2023-11-14 12:51:59] [ INFO ] [BD:56] Base de datos creada, datos de prueba cargados
[2023-11-14 12:52:26] [ INFO ] [OdontologoDAOH2:124] Listando todos los odontolólogos
[2023-11-14 12:52:52] [ INFO ] [OdontologoDAOH2:124] Listando todos los odontolólogos
[2023-11-14 12:53:58] [ INFO ] [BD:56] Base de datos creada, datos de prueba cargados
[2023-11-14 12:54:17] [ INFO ] [OdontologoDAOH2:124] Listando todos los odontolólogos
[2023-11-14 12:58:27] [ INFO ] [BD:56] Base de datos creada, datos de prueba cargados
[2023-11-14 12:58:39] [ INFO ] [OdontologoDAOH2:48] Buscando Odontólogo por ID: 1
[2023-11-14 12:58:39] [ INFO ] [OdontologoDAOH2:76] Eliminando Odontologo con ID:  1
[2023-11-14 12:58:44] [ INFO ] [OdontologoDAOH2:48] Buscando Odontólogo por ID: 1
[2023-11-14 12:59:04] [ INFO ] [OdontologoDAOH2:124] Listando todos los odontolólogos
[2023-11-14 13:00:55] [ INFO ] [BD:56] Base de datos creada, datos de prueba cargados
[2023-11-14 13:01:06] [ INFO ] [OdontologoDAOH2:48] Buscando Odontólogo por ID: 1
[2023-11-14 13:01:06] [ INFO ] [OdontologoDAOH2:76] Eliminando Odontologo con ID:  1
[2023-11-14 13:01:13] [ INFO ] [OdontologoDAOH2:124] Listando todos los odontolólogos
[2023-11-14 13:01:26] [ INFO ] [OdontologoDAOH2:48] Buscando Odontólogo por ID: 2
[2023-11-14 13:01:26] [ INFO ] [OdontologoDAOH2:76] Eliminando Odontologo con ID:  2
[2023-11-14 13:01:35] [ INFO ] [OdontologoDAOH2:124] Listando todos los odontolólogos
[2023-11-14 13:02:55] [ INFO ] [BD:56] Base de datos creada, datos de prueba cargados
[2023-11-14 13:03:18] [ INFO ] [OdontologoDAOH2:124] Listando todos los odontolólogos
[2023-11-14 13:03:44] [ INFO ] [BD:56] Base de datos creada, datos de prueba cargados
[2023-11-14 13:03:53] [ INFO ] [OdontologoDAOH2:124] Listando todos los odontolólogos
[2023-11-14 13:05:17] [ INFO ] [BD:56] Base de datos creada, datos de prueba cargados
[2023-11-14 13:05:30] [ INFO ] [OdontologoDAOH2:124] Listando todos los odontolólogos
[2023-11-14 13:06:11] [ INFO ] [BD:56] Base de datos creada, datos de prueba cargados
[2023-11-14 13:06:25] [ INFO ] [OdontologoDAOH2:124] Listando todos los odontolólogos
[2023-11-14 13:06:49] [ INFO ] [BD:56] Base de datos creada, datos de prueba cargados
[2023-11-14 13:06:55] [ INFO ] [OdontologoDAOH2:48] Buscando Odontólogo por ID: 1
[2023-11-14 13:06:55] [ INFO ] [OdontologoDAOH2:76] Eliminando Odontologo con ID:  1
[2023-11-14 13:07:00] [ INFO ] [OdontologoDAOH2:124] Listando todos los odontolólogos
[2023-11-14 13:10:51] [ INFO ] [BD:56] Base de datos creada, datos de prueba cargados
[2023-11-14 13:11:05] [ INFO ] [OdontologoDAOH2:48] Buscando Odontólogo por ID: 1
[2023-11-14 13:11:05] [ INFO ] [OdontologoDAOH2:76] Eliminando Odontologo con ID:  1
[2023-11-14 13:11:15] [ INFO ] [OdontologoDAOH2:124] Listando todos los odontolólogos
[2023-11-14 13:13:13] [ INFO ] [OdontologoDAOH2:48] Buscando Odontólogo por ID: 3
[2023-11-14 13:13:13] [ INFO ] [OdontologoDAOH2:76] Eliminando Odontologo con ID:  3
[2023-11-14 13:15:38] [ INFO ] [BD:56] Base de datos creada, datos de prueba cargados
[2023-11-14 13:15:54] [ INFO ] [OdontologoDAOH2:124] Listando todos los odontolólogos
[2023-11-14 13:16:37] [ INFO ] [BD:56] Base de datos creada, datos de prueba cargados
[2023-11-14 13:16:51] [ INFO ] [OdontologoDAOH2:124] Listando todos los odontolólogos
[2023-11-14 13:19:20] [ INFO ] [BD:56] Base de datos creada, datos de prueba cargados
[2023-11-14 13:19:26] [ INFO ] [OdontologoDAOH2:124] Listando todos los odontolólogos
[2023-11-14 13:20:01] [ INFO ] [OdontologoDAOH2:48] Buscando Odontólogo por ID: 1
[2023-11-14 13:20:01] [ INFO ] [OdontologoDAOH2:76] Eliminando Odontologo con ID:  1
[2023-11-14 13:20:20] [ INFO ] [OdontologoDAOH2:124] Listando todos los odontolólogos
[2023-11-14 13:22:04] [ INFO ] [BD:56] Base de datos creada, datos de prueba cargados
[2023-11-14 13:22:16] [ INFO ] [OdontologoDAOH2:48] Buscando Odontólogo por ID: 1
[2023-11-14 13:22:16] [ INFO ] [OdontologoDAOH2:76] Eliminando Odontologo con ID:  1
[2023-11-14 13:22:22] [ INFO ] [OdontologoDAOH2:124] Listando todos los odontolólogos
[2023-11-14 15:21:36] [ INFO ] [BD:56] Base de datos creada, datos de prueba cargados
[2023-11-14 15:22:43] [ INFO ] [BD:56] Base de datos creada, datos de prueba cargados
[2023-11-14 15:23:24] [ INFO ] [OdontologoDAOH2:124] Listando todos los odontolólogos
[2023-11-14 15:27:39] [ INFO ] [BD:56] Base de datos creada, datos de prueba cargados
[2023-11-14 15:27:58] [ INFO ] [OdontologoDAOH2:48] Buscando Odontólogo por ID: 1
[2023-11-14 15:27:58] [ INFO ] [OdontologoDAOH2:97] Actualizando odontologo
[2023-11-14 15:28:06] [ INFO ] [OdontologoDAOH2:124] Listando todos los odontolólogos
[2023-11-14 15:34:25] [ INFO ] [BD:56] Base de datos creada, datos de prueba cargados
[2023-11-14 15:37:50] [ INFO ] [BD:56] Base de datos creada, datos de prueba cargados
[2023-11-14 15:38:44] [ INFO ] [BD:56] Base de datos creada, datos de prueba cargados
[2023-11-14 15:40:11] [ INFO ] [BD:56] Base de datos creada, datos de prueba cargados
[2023-11-14 15:44:23] [ INFO ] [BD:56] Base de datos creada, datos de prueba cargados
[2023-11-14 15:46:31] [ INFO ] [BD:56] Base de datos creada, datos de prueba cargados
[2023-11-14 16:00:49] [ INFO ] [BD:56] Base de datos creada, datos de prueba cargados
[2023-11-14 16:01:25] [ INFO ] [OdontologoDAOH2:124] Listando todos los odontolólogos
[2023-11-14 16:03:57] [ INFO ] [BD:56] Base de datos creada, datos de prueba cargados
[2023-11-14 16:05:04] [ INFO ] [BD:56] Base de datos creada, datos de prueba cargados
[2023-11-14 16:05:10] [ INFO ] [OdontologoDAOH2:124] Listando todos los odontolólogos
[2023-11-14 16:12:32] [ INFO ] [BD:56] Base de datos creada, datos de prueba cargados
[2023-11-14 16:12:50] [ INFO ] [OdontologoDAOH2:124] Listando todos los odontolólogos
[2023-11-14 16:13:02] [ INFO ] [OdontologoDAOH2:20] Guardando odontólogo: Patricio Apellido: Donald Matricula :  MS9434
[2023-11-14 16:13:06] [ INFO ] [OdontologoDAOH2:124] Listando todos los odontolólogos
[2023-11-14 16:13:12] [ INFO ] [OdontologoDAOH2:124] Listando todos los odontolólogos
[2023-11-14 16:13:22] [ INFO ] [OdontologoDAOH2:48] Buscando Odontólogo por ID: 1
[2023-11-14 16:13:22] [ INFO ] [OdontologoDAOH2:76] Eliminando Odontologo con ID:  1
[2023-11-14 16:13:26] [ INFO ] [OdontologoDAOH2:124] Listando todos los odontolólogos
[2023-11-14 16:13:42] [ INFO ] [OdontologoDAOH2:48] Buscando Odontólogo por ID: 2
[2023-11-14 16:13:42] [ INFO ] [OdontologoDAOH2:97] Actualizando odontologo
[2023-11-14 16:13:45] [ INFO ] [OdontologoDAOH2:124] Listando todos los odontolólogos
[2023-11-14 16:13:53] [ INFO ] [OdontologoDAOH2:48] Buscando Odontólogo por ID: 1
[2023-11-14 16:14:00] [ INFO ] [OdontologoDAOH2:124] Listando todos los odontolólogos
[2023-11-14 16:14:03] [ INFO ] [OdontologoDAOH2:124] Listando todos los odontolólogos
[2023-11-14 16:16:13] [ INFO ] [BD:56] Base de datos creada, datos de prueba cargados
[2023-11-14 16:16:35] [ INFO ] [OdontologoDAOH2:124] Listando todos los odontolólogos
[2023-11-14 16:16:43] [ INFO ] [OdontologoDAOH2:20] Guardando odontólogo: Rodrigo Apellido: Mouse Matricula :  MS9434
[2023-11-14 16:16:50] [ INFO ] [OdontologoDAOH2:124] Listando todos los odontolólogos
[2023-11-14 16:16:55] [ INFO ] [OdontologoDAOH2:48] Buscando Odontólogo por ID: 4
[2023-11-14 16:16:55] [ INFO ] [OdontologoDAOH2:76] Eliminando Odontologo con ID:  4
[2023-11-14 16:17:04] [ INFO ] [OdontologoDAOH2:48] Buscando Odontólogo por ID: 2
[2023-11-14 16:17:04] [ INFO ] [OdontologoDAOH2:97] Actualizando odontologo
[2023-11-14 16:17:06] [ INFO ] [OdontologoDAOH2:124] Listando todos los odontolólogos
[2023-11-14 16:17:12] [ INFO ] [OdontologoDAOH2:124] Listando todos los odontolólogos
[2023-11-14 16:17:22] [ INFO ] [OdontologoDAOH2:20] Guardando odontólogo: Rodrigo Apellido: perez Matricula :  MS9434
[2023-11-14 16:17:57] [ INFO ] [BD:56] Base de datos creada, datos de prueba cargados
[2023-11-14 16:19:18] [ INFO ] [BD:56] Base de datos creada, datos de prueba cargados
[2023-11-14 16:20:10] [ INFO ] [BD:56] Base de datos creada, datos de prueba cargados
[2023-11-14 16:20:38] [ INFO ] [BD:56] Base de datos creada, datos de prueba cargados
[2023-11-14 16:21:48] [ INFO ] [BD:56] Base de datos creada, datos de prueba cargados
[2023-11-14 16:22:12] [ INFO ] [BD:56] Base de datos creada, datos de prueba cargados
[2023-11-14 16:22:34] [ INFO ] [OdontologoDAOH2:124] Listando todos los odontolólogos
[2023-11-14 16:22:41] [ INFO ] [OdontologoDAOH2:124] Listando todos los odontolólogos
[2023-11-14 16:23:00] [ INFO ] [OdontologoDAOH2:124] Listando todos los odontolólogos
[2023-11-14 16:23:10] [ INFO ] [OdontologoDAOH2:124] Listando todos los odontolólogos
[2023-11-14 16:23:45] [ INFO ] [OdontologoDAOH2:20] Guardando odontólogo: Facundo Apellido: Faure Matricula :  MS9435
[2023-11-14 16:23:48] [ INFO ] [OdontologoDAOH2:124] Listando todos los odontolólogos
[2023-11-14 16:24:09] [ INFO ] [OdontologoDAOH2:124] Listando todos los odontolólogos
[2023-11-14 16:24:34] [ INFO ] [OdontologoDAOH2:48] Buscando Odontólogo por ID: 4
[2023-11-14 16:24:34] [ INFO ] [OdontologoDAOH2:97] Actualizando odontologo
[2023-11-14 16:24:38] [ INFO ] [OdontologoDAOH2:124] Listando todos los odontolólogos
[2023-11-14 16:24:46] [ INFO ] [OdontologoDAOH2:48] Buscando Odontólogo por ID: 4
[2023-11-14 16:24:46] [ INFO ] [OdontologoDAOH2:76] Eliminando Odontologo con ID:  4
[2023-11-14 16:24:53] [ INFO ] [OdontologoDAOH2:124] Listando todos los odontolólogos
[2023-11-14 16:26:01] [ INFO ] [OdontologoDAOH2:48] Buscando Odontólogo por ID: 4
[2023-11-14 16:26:05] [ INFO ] [OdontologoDAOH2:124] Listando todos los odontolólogos
[2023-11-14 16:26:16] [ INFO ] [OdontologoDAOH2:48] Buscando Odontólogo por ID: 4
[2023-11-14 16:26:19] [ INFO ] [OdontologoDAOH2:124] Listando todos los odontolólogos
[2023-11-14 16:41:02] [ INFO ] [OdontologoDAOH2:124] Listando todos los odontolólogos
[2023-11-14 16:41:10] [ INFO ] [OdontologoDAOH2:124] Listando todos los odontolólogos
[2023-11-14 16:41:22] [ INFO ] [OdontologoDAOH2:124] Listando todos los odontolólogos
[2023-11-14 16:41:46] [ INFO ] [OdontologoDAOH2:20] Guardando odontólogo: Nick Apellido: Riviera Matricula :  SM6913
[2023-11-14 16:41:48] [ INFO ] [OdontologoDAOH2:124] Listando todos los odontolólogos
[2023-11-14 16:42:08] [ INFO ] [OdontologoDAOH2:48] Buscando Odontólogo por ID: 2
[2023-11-14 16:42:08] [ INFO ] [OdontologoDAOH2:97] Actualizando odontologo
[2023-11-14 16:42:11] [ INFO ] [OdontologoDAOH2:124] Listando todos los odontolólogos
[2023-11-14 16:42:32] [ INFO ] [OdontologoDAOH2:48] Buscando Odontólogo por ID: 2
[2023-11-14 16:42:32] [ INFO ] [OdontologoDAOH2:76] Eliminando Odontologo con ID:  2
[2023-11-14 16:42:38] [ INFO ] [OdontologoDAOH2:124] Listando todos los odontolólogos
[2023-11-14 16:42:39] [ INFO ] [OdontologoDAOH2:124] Listando todos los odontolólogos
[2023-11-14 16:42:40] [ INFO ] [OdontologoDAOH2:124] Listando todos los odontolólogos
[2023-11-14 16:58:57] [ INFO ] [OdontologoDAOH2:124] Listando todos los odontolólogos
[2023-11-14 16:59:08] [ INFO ] [OdontologoDAOH2:20] Guardando odontólogo: uihgsenuvsgt Apellido: f Matricula :  6q4thgeuyt57687tyr6dhtcfw6gtvw8eg6b6vh8wyedfhigby67i
[2023-11-14 16:59:08] [ ERROR] [OdontologoDAOH2:35] Valor demasiado largo para la columna "MATRICULA CHARACTER VARYING(10)": "'6q4thgeuyt57687tyr6dhtcfw6gtvw8eg6b6vh8wyedfhigby67i' (52)"
Value too long for column "MATRICULA CHARACTER VARYING(10)": "'6q4thgeuyt57687tyr6dhtcfw6gtvw8eg6b6vh8wyedfhigby67i' (52)"; SQL statement:
INSERT INTO ODONTOLOGOS (MATRICULA, NOMBRE, APELLIDO) VALUES(?,?,?) [22001-214]
[2023-11-14 16:59:09] [ INFO ] [OdontologoDAOH2:124] Listando todos los odontolólogos
[2023-11-14 16:59:17] [ INFO ] [OdontologoDAOH2:20] Guardando odontólogo: rwrw Apellido: regr Matricula :  wergrfgrgeaehrrw
[2023-11-14 16:59:17] [ ERROR] [OdontologoDAOH2:35] Valor demasiado largo para la columna "MATRICULA CHARACTER VARYING(10)": "'wergrfgrgeaehrrw' (16)"
Value too long for column "MATRICULA CHARACTER VARYING(10)": "'wergrfgrgeaehrrw' (16)"; SQL statement:
INSERT INTO ODONTOLOGOS (MATRICULA, NOMBRE, APELLIDO) VALUES(?,?,?) [22001-214]
[2023-11-14 16:59:19] [ INFO ] [OdontologoDAOH2:124] Listando todos los odontolólogos
[2023-11-14 16:59:23] [ INFO ] [OdontologoDAOH2:124] Listando todos los odontolólogos
[2023-11-14 16:59:37] [ INFO ] [OdontologoDAOH2:20] Guardando odontólogo: Rodrigo Apellido: perez Matricula :  vs34768
[2023-11-14 16:59:38] [ INFO ] [OdontologoDAOH2:124] Listando todos los odontolólogos
[2023-11-14 17:00:00] [ INFO ] [OdontologoDAOH2:20] Guardando odontólogo: Rodrigo Apellido: faure Matricula :  y8tqduytfgyude
[2023-11-14 17:00:00] [ ERROR] [OdontologoDAOH2:35] Valor demasiado largo para la columna "MATRICULA CHARACTER VARYING(10)": "'y8tqduytfgyude' (14)"
Value too long for column "MATRICULA CHARACTER VARYING(10)": "'y8tqduytfgyude' (14)"; SQL statement:
INSERT INTO ODONTOLOGOS (MATRICULA, NOMBRE, APELLIDO) VALUES(?,?,?) [22001-214]
[2023-11-14 17:00:02] [ INFO ] [OdontologoDAOH2:124] Listando todos los odontolólogos
[2023-11-14 17:00:14] [ INFO ] [OdontologoDAOH2:48] Buscando Odontólogo por ID: 8
[2023-11-14 17:00:14] [ INFO ] [OdontologoDAOH2:76] Eliminando Odontologo con ID:  8
[2023-11-14 17:00:16] [ INFO ] [OdontologoDAOH2:124] Listando todos los odontolólogos
[2023-11-14 17:00:28] [ INFO ] [OdontologoDAOH2:20] Guardando odontólogo: Rodrigo Apellido: faure Matricula :  ggh654287
[2023-11-14 17:00:30] [ INFO ] [OdontologoDAOH2:124] Listando todos los odontolólogos
[2023-11-14 17:00:45] [ INFO ] [OdontologoDAOH2:20] Guardando odontólogo: Rodrigo Apellido: faure Matricula :  ujjj5849302
[2023-11-14 17:00:45] [ ERROR] [OdontologoDAOH2:35] Valor demasiado largo para la columna "MATRICULA CHARACTER VARYING(10)": "'ujjj5849302' (11)"
Value too long for column "MATRICULA CHARACTER VARYING(10)": "'ujjj5849302' (11)"; SQL statement:
INSERT INTO ODONTOLOGOS (MATRICULA, NOMBRE, APELLIDO) VALUES(?,?,?) [22001-214]
[2023-11-14 17:00:46] [ INFO ] [OdontologoDAOH2:124] Listando todos los odontolólogos
[2023-11-14 17:00:52] [ INFO ] [OdontologoDAOH2:48] Buscando Odontólogo por ID: 10
[2023-11-14 17:00:52] [ INFO ] [OdontologoDAOH2:76] Eliminando Odontologo con ID:  10
[2023-11-14 17:00:54] [ INFO ] [OdontologoDAOH2:124] Listando todos los odontolólogos
[2023-11-14 17:07:16] [ INFO ] [OdontologoDAOH2:124] Listando todos los odontolólogos
[2023-11-14 17:07:46] [ INFO ] [OdontologoDAOH2:48] Buscando Odontólogo por ID: 4
[2023-11-14 17:07:49] [ INFO ] [OdontologoDAOH2:124] Listando todos los odontolólogos
[2023-11-14 17:08:02] [ INFO ] [OdontologoDAOH2:48] Buscando Odontólogo por ID: 4
[2023-11-14 17:08:04] [ INFO ] [OdontologoDAOH2:124] Listando todos los odontolólogos
[2023-11-14 17:27:10] [ INFO ] [BD:56] Base de datos creada, datos de prueba cargados
[2023-11-14 17:27:20] [ INFO ] [OdontologoDAOH2:133] Listando todos los odontolólogos
[2023-11-14 17:27:26] [ INFO ] [OdontologoDAOH2:48] Buscando Odontólogo por ID: 4
[2023-11-14 17:27:31] [ INFO ] [OdontologoDAOH2:48] Buscando Odontólogo por ID: 4
[2023-11-14 17:27:45] [ INFO ] [OdontologoDAOH2:48] Buscando Odontólogo por ID: 4
[2023-11-14 17:31:42] [ INFO ] [BD:56] Base de datos creada, datos de prueba cargados
[2023-11-14 17:32:07] [ INFO ] [OdontologoDAOH2:137] Listando todos los odontolólogos
[2023-11-14 17:32:18] [ INFO ] [OdontologoDAOH2:20] Guardando odontólogo: Patricio Apellido: Donald Matricula :  MS9434
[2023-11-14 17:32:21] [ INFO ] [OdontologoDAOH2:137] Listando todos los odontolólogos
[2023-11-14 17:32:26] [ INFO ] [OdontologoDAOH2:48] Buscando Odontólogo por ID: 4
[2023-11-14 17:32:26] [ INFO ] [OdontologoDAOH2:77] Eliminando Odontologo con ID:  4
[2023-11-14 17:32:29] [ INFO ] [OdontologoDAOH2:137] Listando todos los odontolólogos
[2023-11-14 17:32:34] [ INFO ] [OdontologoDAOH2:48] Buscando Odontólogo por ID: 4
[2023-11-14 17:32:46] [ INFO ] [OdontologoDAOH2:48] Buscando Odontólogo por ID: 4
[2023-11-14 17:32:49] [ INFO ] [OdontologoDAOH2:137] Listando todos los odontolólogos
[2023-11-14 17:33:01] [ INFO ] [OdontologoDAOH2:48] Buscando Odontólogo por ID: 1
[2023-11-14 17:33:01] [ INFO ] [OdontologoDAOH2:105] Actualizando odontologo
[2023-11-14 17:33:03] [ INFO ] [OdontologoDAOH2:137] Listando todos los odontolólogos
[2023-11-14 17:33:10] [ INFO ] [OdontologoDAOH2:137] Listando todos los odontolólogos
[2023-11-14 17:33:25] [ INFO ] [OdontologoDAOH2:137] Listando todos los odontolólogos
[2023-11-14 17:33:26] [ INFO ] [OdontologoDAOH2:137] Listando todos los odontolólogos
[2023-11-14 17:33:31] [ INFO ] [OdontologoDAOH2:137] Listando todos los odontolólogos
[2023-11-14 17:33:35] [ INFO ] [OdontologoDAOH2:48] Buscando Odontólogo por ID: 4
[2023-11-14 17:35:42] [ INFO ] [BD:56] Base de datos creada, datos de prueba cargados
[2023-11-14 17:35:52] [ INFO ] [OdontologoDAOH2:137] Listando todos los odontolólogos
[2023-11-14 17:35:56] [ INFO ] [OdontologoDAOH2:48] Buscando Odontólogo por ID: 4
[2023-11-14 17:39:04] [ INFO ] [BD:56] Base de datos creada, datos de prueba cargados
[2023-11-14 17:39:15] [ INFO ] [OdontologoDAOH2:137] Listando todos los odontolólogos
[2023-11-14 17:39:22] [ INFO ] [OdontologoDAOH2:48] Buscando Odontólogo por ID: 4
[2023-11-14 17:39:31] [ INFO ] [OdontologoDAOH2:48] Buscando Odontólogo por ID: 4
[2023-11-14 17:39:36] [ INFO ] [OdontologoDAOH2:137] Listando todos los odontolólogos
[2023-11-14 17:39:47] [ INFO ] [OdontologoDAOH2:20] Guardando odontólogo: Rodrigo Apellido: perez Matricula :  MS9434
[2023-11-14 17:39:49] [ INFO ] [OdontologoDAOH2:137] Listando todos los odontolólogos
[2023-11-14 17:39:55] [ INFO ] [OdontologoDAOH2:48] Buscando Odontólogo por ID: 4
[2023-11-14 17:39:55] [ INFO ] [OdontologoDAOH2:77] Eliminando Odontologo con ID:  4
[2023-11-14 17:39:58] [ INFO ] [OdontologoDAOH2:137] Listando todos los odontolólogos
[2023-11-14 17:40:04] [ INFO ] [OdontologoDAOH2:48] Buscando Odontólogo por ID: 4
[2023-11-14 19:12:59] [ INFO ] [BD:56] Base de datos creada, datos de prueba cargados
[2023-11-14 19:13:11] [ INFO ] [OdontologoDAOH2:48] Buscando Odontólogo por ID: 4
[2023-11-14 19:13:33] [ INFO ] [OdontologoDAOH2:48] Buscando Odontólogo por ID: 2
[2023-11-14 19:13:33] [ INFO ] [OdontologoDAOH2:77] Eliminando Odontologo con ID:  2
[2023-11-14 19:17:51] [ INFO ] [BD:56] Base de datos creada, datos de prueba cargados
[2023-11-14 19:18:16] [ INFO ] [OdontologoDAOH2:137] Listando todos los odontolólogos
[2023-11-14 19:18:23] [ INFO ] [OdontologoDAOH2:48] Buscando Odontólogo por ID: 4
[2023-11-14 19:18:28] [ INFO ] [OdontologoDAOH2:48] Buscando Odontólogo por ID: 2
[2023-11-14 19:18:28] [ INFO ] [OdontologoDAOH2:77] Eliminando Odontologo con ID:  2
[2023-11-14 19:18:28] [ INFO ] [OdontologoDAOH2:48] Buscando Odontólogo por ID: 2
[2023-11-14 19:18:30] [ INFO ] [OdontologoDAOH2:137] Listando todos los odontolólogos
[2023-11-14 19:18:40] [ INFO ] [OdontologoDAOH2:48] Buscando Odontólogo por ID: 4
[2023-11-14 19:18:44] [ INFO ] [OdontologoDAOH2:137] Listando todos los odontolólogos
[2023-11-14 19:29:19] [ INFO ] [BD:56] Base de datos creada, datos de prueba cargados
[2023-11-14 19:30:17] [ INFO ] [OdontologoDAOH2:137] Listando todos los odontolólogos
[2023-11-14 19:30:19] [ INFO ] [OdontologoDAOH2:137] Listando todos los odontolólogos
[2023-11-14 19:30:24] [ INFO ] [OdontologoDAOH2:48] Buscando Odontólogo por ID: 2
[2023-11-14 19:30:24] [ INFO ] [OdontologoDAOH2:77] Intentando Eliminar Odontologo con ID:  2
[2023-11-14 19:30:27] [ INFO ] [OdontologoDAOH2:137] Listando todos los odontolólogos
[2023-11-14 19:30:31] [ INFO ] [OdontologoDAOH2:48] Buscando Odontólogo por ID: 4
[2023-11-14 19:30:38] [ INFO ] [OdontologoDAOH2:137] Listando todos los odontolólogos
[2023-11-14 19:39:44] [ INFO ] [BD:56] Base de datos creada, datos de prueba cargados
[2023-11-14 19:40:07] [ INFO ] [OdontologoDAOH2:139] Listando todos los odontolólogos
[2023-11-14 19:40:12] [ INFO ] [OdontologoDAOH2:48] Buscando Odontólogo por ID: 4
[2023-11-14 19:40:31] [ INFO ] [OdontologoDAOH2:48] Buscando Odontólogo por ID: 8
[2023-11-14 19:40:33] [ INFO ] [OdontologoDAOH2:139] Listando todos los odontolólogos
[2023-11-14 19:40:37] [ INFO ] [OdontologoDAOH2:48] Buscando Odontólogo por ID: 1
[2023-11-14 19:40:37] [ INFO ] [OdontologoDAOH2:77] Intentando Eliminar Odontologo con ID:  1
[2023-11-14 19:40:37] [ INFO ] [OdontologoDAOH2:87] Odontólogo con ID 1 eliminado exitosamente.
[2023-11-14 19:40:38] [ INFO ] [OdontologoDAOH2:139] Listando todos los odontolólogos
[2023-11-14 19:43:52] [ INFO ] [BD:56] Base de datos creada, datos de prueba cargados
[2023-11-14 19:44:21] [ INFO ] [OdontologoDAOH2:139] Listando todos los odontolólogos
[2023-11-14 19:44:27] [ INFO ] [OdontologoDAOH2:48] Buscando Odontólogo por ID: 2
[2023-11-14 19:44:27] [ INFO ] [OdontologoDAOH2:77] Intentando Eliminar Odontologo con ID:  2
[2023-11-14 19:44:27] [ INFO ] [OdontologoDAOH2:87] Odontólogo con ID 2 eliminado exitosamente.
[2023-11-14 19:44:29] [ INFO ] [OdontologoDAOH2:139] Listando todos los odontolólogos
[2023-11-14 19:44:33] [ INFO ] [OdontologoDAOH2:48] Buscando Odontólogo por ID: 10
[2023-11-14 19:44:44] [ INFO ] [OdontologoDAOH2:48] Buscando Odontólogo por ID: 4
[2023-11-14 19:44:48] [ INFO ] [OdontologoDAOH2:139] Listando todos los odontolólogos
[2023-11-14 19:44:51] [ INFO ] [OdontologoDAOH2:139] Listando todos los odontolólogos
[2023-11-14 19:45:01] [ INFO ] [OdontologoDAOH2:48] Buscando Odontólogo por ID: 4
[2023-11-14 19:45:04] [ INFO ] [OdontologoDAOH2:139] Listando todos los odontolólogos
[2023-11-14 19:59:19] [ INFO ] [BD:56] Base de datos creada, datos de prueba cargados
[2023-11-14 19:59:48] [ INFO ] [OdontologoDAOH2:139] Listando todos los odontolólogos
[2023-11-14 19:59:53] [ INFO ] [OdontologoDAOH2:48] Buscando Odontólogo por ID: 4
[2023-11-14 20:00:17] [ INFO ] [BD:56] Base de datos creada, datos de prueba cargados
[2023-11-14 20:00:27] [ INFO ] [OdontologoDAOH2:139] Listando todos los odontolólogos
[2023-11-14 20:00:32] [ INFO ] [OdontologoDAOH2:48] Buscando Odontólogo por ID: 2
[2023-11-14 20:00:32] [ INFO ] [OdontologoDAOH2:77] Intentando Eliminar Odontologo con ID:  2
[2023-11-14 20:00:32] [ ERROR] [OdontologoDAOH2:93] Odontólogo con ID 2 no encontrado.
[2023-11-14 20:00:37] [ INFO ] [OdontologoDAOH2:139] Listando todos los odontolólogos
[2023-11-14 20:00:43] [ INFO ] [OdontologoDAOH2:48] Buscando Odontólogo por ID: 4
[2023-11-14 20:00:58] [ INFO ] [BD:56] Base de datos creada, datos de prueba cargados
[2023-11-14 20:06:25] [ INFO ] [BD:56] Base de datos creada, datos de prueba cargados
[2023-11-14 20:48:28] [ INFO ] [BD:56] Base de datos creada, datos de prueba cargados
[2023-11-14 20:48:39] [ INFO ] [OdontologoDAOH2:139] Listando todos los odontolólogos
[2023-11-14 20:48:44] [ INFO ] [OdontologoDAOH2:48] Buscando Odontólogo por ID: 4
[2023-11-14 20:49:11] [ INFO ] [OdontologoDAOH2:48] Buscando Odontólogo por ID: 1
[2023-11-14 20:49:19] [ INFO ] [OdontologoDAOH2:48] Buscando Odontólogo por ID: 4
[2023-11-14 20:52:53] [ INFO ] [BD:56] Base de datos creada, datos de prueba cargados
[2023-11-14 20:53:04] [ INFO ] [OdontologoDAOH2:139] Listando todos los odontolólogos
[2023-11-14 20:53:08] [ INFO ] [OdontologoDAOH2:139] Listando todos los odontolólogos
[2023-11-14 20:53:14] [ INFO ] [OdontologoDAOH2:139] Listando todos los odontolólogos
[2023-11-14 20:53:18] [ INFO ] [OdontologoDAOH2:48] Buscando Odontólogo por ID: 4
[2023-11-14 20:53:28] [ INFO ] [OdontologoDAOH2:48] Buscando Odontólogo por ID: 4
[2023-11-14 20:53:31] [ INFO ] [OdontologoDAOH2:139] Listando todos los odontolólogos
[2023-11-14 20:57:29] [ INFO ] [BD:56] Base de datos creada, datos de prueba cargados
[2023-11-14 20:57:51] [ INFO ] [OdontologoDAOH2:139] Listando todos los odontolólogos
[2023-11-14 20:57:58] [ INFO ] [OdontologoDAOH2:48] Buscando Odontólogo por ID: 4
[2023-11-14 20:58:04] [ INFO ] [OdontologoDAOH2:48] Buscando Odontólogo por ID: 1
[2023-11-14 20:58:04] [ INFO ] [OdontologoDAOH2:77] Intentando Eliminar Odontologo con ID:  1
[2023-11-14 20:58:04] [ ERROR] [OdontologoDAOH2:93] Odontólogo con ID 1 no encontrado.
[2023-11-14 20:58:06] [ INFO ] [OdontologoDAOH2:139] Listando todos los odontolólogos
[2023-11-14 20:59:02] [ INFO ] [BD:56] Base de datos creada, datos de prueba cargados
[2023-11-14 20:59:15] [ INFO ] [OdontologoDAOH2:139] Listando todos los odontolólogos
[2023-11-14 20:59:19] [ INFO ] [OdontologoDAOH2:48] Buscando Odontólogo por ID: 1
[2023-11-14 20:59:19] [ INFO ] [OdontologoDAOH2:77] Intentando Eliminar Odontologo con ID:  1
[2023-11-14 20:59:19] [ INFO ] [OdontologoDAOH2:87] Odontólogo con ID 1 eliminado exitosamente.
[2023-11-14 20:59:22] [ INFO ] [OdontologoDAOH2:139] Listando todos los odontolólogos
[2023-11-14 20:59:27] [ INFO ] [OdontologoDAOH2:48] Buscando Odontólogo por ID: 4
[2023-11-14 20:59:32] [ INFO ] [OdontologoDAOH2:139] Listando todos los odontolólogos
[2023-11-14 21:00:20] [ INFO ] [BD:56] Base de datos creada, datos de prueba cargados
[2023-11-14 21:00:27] [ INFO ] [OdontologoDAOH2:139] Listando todos los odontolólogos
[2023-11-14 21:00:32] [ INFO ] [OdontologoDAOH2:48] Buscando Odontólogo por ID: 8
[2023-11-14 21:01:34] [ INFO ] [BD:56] Base de datos creada, datos de prueba cargados
[2023-11-14 21:01:42] [ INFO ] [OdontologoDAOH2:139] Listando todos los odontolólogos
[2023-11-14 21:01:46] [ INFO ] [OdontologoDAOH2:48] Buscando Odontólogo por ID: 8
[2023-11-14 21:03:40] [ INFO ] [BD:56] Base de datos creada, datos de prueba cargados
[2023-11-14 21:03:55] [ INFO ] [BD:56] Base de datos creada, datos de prueba cargados
[2023-11-14 21:04:01] [ INFO ] [OdontologoDAOH2:140] Listando todos los odontolólogos
[2023-11-14 21:04:06] [ INFO ] [OdontologoDAOH2:48] Buscando Odontólogo por ID: 10
[2023-11-14 21:04:09] [ INFO ] [OdontologoDAOH2:140] Listando todos los odontolólogos
[2023-11-14 21:06:41] [ INFO ] [BD:56] Base de datos creada, datos de prueba cargados
[2023-11-14 21:06:49] [ INFO ] [OdontologoDAOH2:130] Listando todos los odontolólogos
[2023-11-14 21:07:01] [ INFO ] [OdontologoDAOH2:48] Buscando Odontólogo por ID: 1
[2023-11-14 21:07:01] [ INFO ] [OdontologoDAOH2:101] Intentando Actualizar Odontologo con ID:  1
[2023-11-14 21:07:01] [ INFO ] [OdontologoDAOH2:112] Odontólogo con ID 1 actualizado exitosamente.
[2023-11-14 21:07:03] [ INFO ] [OdontologoDAOH2:130] Listando todos los odontolólogos
[2023-11-14 21:07:08] [ INFO ] [OdontologoDAOH2:48] Buscando Odontólogo por ID: 2
[2023-11-14 21:07:08] [ INFO ] [OdontologoDAOH2:77] Intentando Eliminar Odontologo con ID:  2
[2023-11-14 21:07:08] [ INFO ] [OdontologoDAOH2:85] Odontólogo con ID 2 eliminado exitosamente.
[2023-11-14 21:07:10] [ INFO ] [OdontologoDAOH2:130] Listando todos los odontolólogos
[2023-11-14 21:07:15] [ INFO ] [OdontologoDAOH2:48] Buscando Odontólogo por ID: 8
[2023-11-14 21:13:09] [ INFO ] [BD:56] Base de datos creada, datos de prueba cargados
[2023-11-14 21:13:29] [ INFO ] [OdontologoDAOH2:140] Listando todos los odontolólogos
[2023-11-14 21:13:35] [ INFO ] [OdontologoDAOH2:48] Buscando Odontólogo por ID: 8
[2023-11-14 21:14:29] [ INFO ] [OdontologoDAOH2:140] Listando todos los odontolólogos
[2023-11-14 21:14:32] [ INFO ] [OdontologoDAOH2:48] Buscando Odontólogo por ID: 10
[2023-11-14 21:16:10] [ INFO ] [BD:56] Base de datos creada, datos de prueba cargados
[2023-11-14 21:16:35] [ INFO ] [OdontologoDAOH2:140] Listando todos los odontolólogos
[2023-11-14 21:16:38] [ INFO ] [OdontologoDAOH2:48] Buscando Odontólogo por ID: 8
[2023-11-14 21:16:38] [ INFO ] [OdontologoDAOH2:59] Odontólogo con ID 8 no encontrado.
[2023-11-14 21:18:28] [ INFO ] [BD:56] Base de datos creada, datos de prueba cargados
[2023-11-14 21:18:39] [ INFO ] [OdontologoDAOH2:134] Listando todos los odontolólogos
[2023-11-14 21:18:43] [ INFO ] [OdontologoDAOH2:48] Buscando Odontólogo por ID: 1
[2023-11-14 21:18:43] [ INFO ] [OdontologoDAOH2:77] Intentando Eliminar Odontologo con ID:  1
[2023-11-14 21:18:43] [ INFO ] [OdontologoDAOH2:48] Buscando Odontólogo por ID: 1
[2023-11-14 21:18:43] [ INFO ] [OdontologoDAOH2:87] Odontólogo con ID 1 eliminado exitosamente.
[2023-11-14 21:18:48] [ INFO ] [OdontologoDAOH2:134] Listando todos los odontolólogos
[2023-11-14 21:18:52] [ INFO ] [OdontologoDAOH2:48] Buscando Odontólogo por ID: 10
[2023-11-14 21:18:52] [ INFO ] [OdontologoDAOH2:59] Odontólogo con ID 10 no encontrado.
[2023-11-14 21:19:39] [ INFO ] [BD:56] Base de datos creada, datos de prueba cargados
[2023-11-14 21:19:46] [ INFO ] [OdontologoDAOH2:48] Buscando Odontólogo por ID: 10
[2023-11-14 21:19:46] [ INFO ] [OdontologoDAOH2:59] Odontólogo con ID 10 no encontrado.
[2023-11-14 21:22:29] [ INFO ] [OdontologoDAOH2:134] Listando todos los odontolólogos
[2023-11-14 21:22:33] [ INFO ] [OdontologoDAOH2:48] Buscando Odontólogo por ID: 1
[2023-11-14 21:22:33] [ INFO ] [OdontologoDAOH2:77] Intentando Eliminar Odontologo con ID:  1
[2023-11-14 21:22:33] [ INFO ] [OdontologoDAOH2:48] Buscando Odontólogo por ID: 1
[2023-11-14 21:22:33] [ INFO ] [OdontologoDAOH2:87] Odontólogo con ID 1 eliminado exitosamente.
[2023-11-14 21:22:36] [ INFO ] [OdontologoDAOH2:134] Listando todos los odontolólogos
[2023-11-14 21:24:55] [ INFO ] [BD:56] Base de datos creada, datos de prueba cargados
[2023-11-14 21:25:06] [ INFO ] [OdontologoDAOH2:133] Listando todos los odontolólogos
[2023-11-14 21:25:10] [ INFO ] [OdontologoDAOH2:48] Buscando Odontólogo por ID: 1
[2023-11-14 21:25:10] [ INFO ] [OdontologoDAOH2:77] Intentando Eliminar Odontologo con ID: 1
[2023-11-14 21:25:10] [ INFO ] [OdontologoDAOH2:86] Odontólogo con ID 1 eliminado exitosamente.
[2023-11-14 21:25:17] [ INFO ] [OdontologoDAOH2:133] Listando todos los odontolólogos
[2023-11-14 21:25:21] [ INFO ] [OdontologoDAOH2:48] Buscando Odontólogo por ID: 10
[2023-11-14 21:25:21] [ INFO ] [OdontologoDAOH2:59] Odontólogo con ID 10 no encontrado.
[2023-11-14 21:25:26] [ INFO ] [OdontologoDAOH2:48] Buscando Odontólogo por ID: 8
[2023-11-14 21:25:26] [ INFO ] [OdontologoDAOH2:59] Odontólogo con ID 8 no encontrado.
[2023-11-14 21:25:31] [ INFO ] [OdontologoDAOH2:48] Buscando Odontólogo por ID: 8
[2023-11-14 21:25:31] [ INFO ] [OdontologoDAOH2:59] Odontólogo con ID 8 no encontrado.
[2023-11-14 21:26:59] [ INFO ] [BD:56] Base de datos creada, datos de prueba cargados
[2023-11-14 21:27:20] [ INFO ] [OdontologoDAOH2:133] Listando todos los odontolólogos
[2023-11-14 21:28:29] [ INFO ] [OdontologoDAOH2:48] Buscando Odontólogo por ID: 1
[2023-11-14 21:28:29] [ INFO ] [OdontologoDAOH2:77] Intentando Eliminar Odontologo con ID: 1
[2023-11-14 21:28:29] [ INFO ] [OdontologoDAOH2:86] Odontólogo con ID 1 eliminado exitosamente.
[2023-11-14 21:28:30] [ INFO ] [OdontologoDAOH2:133] Listando todos los odontolólogos
[2023-11-14 21:28:35] [ INFO ] [OdontologoDAOH2:48] Buscando Odontólogo por ID: 7
[2023-11-14 21:28:35] [ INFO ] [OdontologoDAOH2:59] Odontólogo con ID 7 no encontrado.
[2023-11-14 21:28:37] [ INFO ] [OdontologoDAOH2:133] Listando todos los odontolólogos
[2023-11-14 21:47:24] [ INFO ] [BD:56] Base de datos creada, datos de prueba cargados
[2023-11-14 21:47:37] [ INFO ] [OdontologoDAOH2:135] Listando todos los odontolólogos
[2023-11-14 21:47:38] [ INFO ] [OdontologoDAOH2:135] Listando todos los odontolólogos
[2023-11-14 21:47:44] [ INFO ] [OdontologoDAOH2:48] Buscando Odontólogo por ID: 1
[2023-11-14 21:47:44] [ INFO ] [OdontologoDAOH2:77] Intentando Eliminar Odontologo con ID: 1
[2023-11-14 21:47:44] [ INFO ] [OdontologoDAOH2:86] Odontólogo con ID 1 eliminado exitosamente. Filas afectadas: 1
[2023-11-14 21:47:46] [ INFO ] [OdontologoDAOH2:135] Listando todos los odontolólogos
[2023-11-14 21:47:50] [ INFO ] [OdontologoDAOH2:48] Buscando Odontólogo por ID: 7
[2023-11-14 21:47:50] [ INFO ] [OdontologoDAOH2:59] Odontólogo con ID 7 no encontrado.
[2023-11-14 21:49:28] [ INFO ] [BD:56] Base de datos creada, datos de prueba cargados
[2023-11-14 21:50:24] [ INFO ] [BD:56] Base de datos creada, datos de prueba cargados
[2023-11-14 21:51:07] [ INFO ] [OdontologoDAOH2:141] Listando todos los odontolólogos
[2023-11-14 21:51:12] [ INFO ] [OdontologoDAOH2:48] Buscando Odontólogo por ID: 8
[2023-11-14 21:51:12] [ INFO ] [OdontologoDAOH2:59] Odontólogo con ID 8 no encontrado.
[2023-11-14 21:53:08] [ INFO ] [BD:56] Base de datos creada, datos de prueba cargados
[2023-11-14 21:53:20] [ INFO ] [OdontologoDAOH2:141] Listando todos los odontolólogos
[2023-11-14 21:53:26] [ INFO ] [OdontologoDAOH2:48] Buscando Odontólogo por ID: 1
[2023-11-14 21:53:26] [ INFO ] [OdontologoDAOH2:77] Intentando Eliminar Odontologo con ID: 1
[2023-11-14 21:53:26] [ INFO ] [OdontologoDAOH2:48] Buscando Odontólogo por ID: 1
[2023-11-14 21:53:26] [ INFO ] [OdontologoDAOH2:89] Odontólogo con ID 1 eliminado exitosamente. Filas afectadas: 1
[2023-11-14 21:53:28] [ INFO ] [OdontologoDAOH2:141] Listando todos los odontolólogos
[2023-11-14 21:53:32] [ INFO ] [OdontologoDAOH2:48] Buscando Odontólogo por ID: 10
[2023-11-14 21:53:32] [ INFO ] [OdontologoDAOH2:59] Odontólogo con ID 10 no encontrado.
[2023-11-14 21:56:42] [ INFO ] [BD:56] Base de datos creada, datos de prueba cargados
[2023-11-14 21:56:58] [ INFO ] [OdontologoDAOH2:139] Listando todos los odontolólogos
[2023-11-14 21:57:05] [ INFO ] [OdontologoDAOH2:48] Buscando Odontólogo por ID: 8
[2023-11-14 21:57:05] [ INFO ] [OdontologoDAOH2:59] Odontólogo con ID 8 no encontrado.
[2023-11-14 21:59:28] [ INFO ] [BD:56] Base de datos creada, datos de prueba cargados
[2023-11-14 22:00:03] [ INFO ] [OdontologoDAOH2:146] Listando todos los odontolólogos
[2023-11-14 22:00:06] [ INFO ] [OdontologoDAOH2:48] Buscando Odontólogo por ID: 8
[2023-11-14 22:00:06] [ INFO ] [OdontologoDAOH2:59] Odontólogo con ID 8 no encontrado.
[2023-11-14 22:00:50] [ INFO ] [BD:56] Base de datos creada, datos de prueba cargados
[2023-11-14 22:01:11] [ INFO ] [OdontologoDAOH2:159] Listando todos los odontolólogos
[2023-11-14 22:01:14] [ INFO ] [OdontologoDAOH2:48] Buscando Odontólogo por ID: 8
[2023-11-14 22:01:14] [ INFO ] [OdontologoDAOH2:59] Odontólogo con ID 8 no encontrado.
[2023-11-14 22:04:12] [ INFO ] [BD:56] Base de datos creada, datos de prueba cargados
[2023-11-14 22:04:46] [ INFO ] [OdontologoDAOH2:48] Buscando Odontólogo por ID: 6
[2023-11-14 22:04:46] [ INFO ] [OdontologoDAOH2:59] Odontólogo con ID 6 no encontrado.
[2023-11-14 22:04:57] [ INFO ] [OdontologoDAOH2:48] Buscando Odontólogo por ID: 8
[2023-11-14 22:04:57] [ INFO ] [OdontologoDAOH2:59] Odontólogo con ID 8 no encontrado.
[2023-11-14 22:12:24] [ INFO ] [BD:56] Base de datos creada, datos de prueba cargados
[2023-11-14 22:12:36] [ INFO ] [OdontologoDAOH2:142] Listando todos los odontolólogos
[2023-11-14 22:12:40] [ INFO ] [OdontologoDAOH2:48] Buscando Odontólogo por ID: 1
[2023-11-14 22:12:40] [ INFO ] [OdontologoDAOH2:77] Intentando Eliminar Odontologo con ID: 1
[2023-11-14 22:12:40] [ INFO ] [OdontologoDAOH2:90] Odontólogo con ID 1 eliminado exitosamente.
[2023-11-14 22:12:42] [ INFO ] [OdontologoDAOH2:142] Listando todos los odontolólogos
[2023-11-14 22:12:46] [ INFO ] [OdontologoDAOH2:48] Buscando Odontólogo por ID: 8
[2023-11-14 22:12:46] [ INFO ] [OdontologoDAOH2:59] Odontólogo con ID 8 no encontrado.
[2023-11-14 22:12:50] [ INFO ] [OdontologoDAOH2:142] Listando todos los odontolólogos
